------------------------------------------------------------------------------------------------------------------------

[2022-04-28 14:13:14 #1 store] 
Database '/home/artiom/git/3_Maila/SI/bets21/src/main/resources/bets.temp' is opened by 14251@Artioms-Laptop

[2022-04-28 14:13:15 #2 type] 
Type domain.Question is not enhanced.

[2022-04-28 14:13:15 #3 type] 
Type domain.Event is not enhanced.

[2022-04-28 14:13:15 #4 type] 
Type domain.User is not enhanced.

[2022-04-28 14:13:15 #5 type] 
Type domain.Pronostic is not enhanced.

[2022-04-28 14:13:15 #6 type] 
Type domain.Bet is not enhanced.

[2022-04-28 14:13:15 #7 type] 
Type domain.Movement is not enhanced.

------------------------------------------------------------------------------------------------------------------------

[2022-04-28 14:16:11 #1 store] 
Database '/home/artiom/git/3_Maila/SI/bets21/src/main/resources/bets.temp' has been recovered (tr. 231-231)

[2022-04-28 14:16:11 #2 store] 
Database '/home/artiom/git/3_Maila/SI/bets21/src/main/resources/bets.temp' is opened by 14604@Artioms-Laptop

[2022-04-28 14:16:11 #3 type] 
Type domain.Question is not enhanced.

[2022-04-28 14:16:11 #4 type] 
Type domain.Event is not enhanced.

[2022-04-28 14:16:11 #5 type] 
Type domain.User is not enhanced.

[2022-04-28 14:16:11 #6 type] 
Type domain.Pronostic is not enhanced.

[2022-04-28 14:16:11 #7 type] 
Type domain.Bet is not enhanced.

[2022-04-28 14:16:11 #8 type] 
Type domain.Movement is not enhanced.

------------------------------------------------------------------------------------------------------------------------

[2022-04-28 14:17:29 #1 store] 
Database '/home/artiom/git/3_Maila/SI/bets21/src/main/resources/bets.temp' has been recovered (tr. 232-233)

[2022-04-28 14:17:29 #2 store] 
Database '/home/artiom/git/3_Maila/SI/bets21/src/main/resources/bets.temp' is opened by 14739@Artioms-Laptop

[2022-04-28 14:17:29 #3 type] 
Type domain.Question is not enhanced.

[2022-04-28 14:17:29 #4 type] 
Type domain.Event is not enhanced.

[2022-04-28 14:17:29 #5 type] 
Type domain.User is not enhanced.

[2022-04-28 14:17:29 #6 type] 
Type domain.Pronostic is not enhanced.

[2022-04-28 14:17:29 #7 type] 
Type domain.Bet is not enhanced.

[2022-04-28 14:17:29 #8 type] 
Type domain.Movement is not enhanced.

------------------------------------------------------------------------------------------------------------------------

[2022-04-28 14:17:49 #1 store] 
Database '/home/artiom/git/3_Maila/SI/bets21/src/main/resources/bets.temp' is opened by 14803@Artioms-Laptop

[2022-04-28 14:17:49 #2 type] 
Type domain.Question is not enhanced.

[2022-04-28 14:17:49 #3 type] 
Type domain.Event is not enhanced.

[2022-04-28 14:17:49 #4 type] 
Type domain.User is not enhanced.

[2022-04-28 14:17:49 #5 type] 
Type domain.Pronostic is not enhanced.

[2022-04-28 14:17:49 #6 type] 
Type domain.Bet is not enhanced.

[2022-04-28 14:17:49 #7 type] 
Type domain.Movement is not enhanced.

------------------------------------------------------------------------------------------------------------------------

[2022-04-28 14:18:44 #1 store] 
Database '/home/artiom/git/3_Maila/SI/bets21/src/main/resources/bets.temp' has been recovered (tr. 234-234)

[2022-04-28 14:18:44 #2 store] 
Database '/home/artiom/git/3_Maila/SI/bets21/src/main/resources/bets.temp' is opened by 14892@Artioms-Laptop

[2022-04-28 14:18:44 #3 type] 
Type domain.Question is not enhanced.

[2022-04-28 14:18:44 #4 type] 
Type domain.Event is not enhanced.

[2022-04-28 14:18:44 #5 type] 
Type domain.User is not enhanced.

[2022-04-28 14:18:44 #6 type] 
Type domain.Pronostic is not enhanced.

[2022-04-28 14:18:44 #7 type] 
Type domain.Bet is not enhanced.

[2022-04-28 14:18:44 #8 type] 
Type domain.Movement is not enhanced.

------------------------------------------------------------------------------------------------------------------------

[2022-04-28 14:19:04 #1 store] 
Database '/home/artiom/git/3_Maila/SI/bets21/src/main/resources/bets.temp' has been recovered (tr. 235-237)

[2022-04-28 14:19:04 #2 store] 
Database '/home/artiom/git/3_Maila/SI/bets21/src/main/resources/bets.temp' is opened by 14955@Artioms-Laptop

[2022-04-28 14:19:04 #3 type] 
Type domain.Question is not enhanced.

[2022-04-28 14:19:04 #4 type] 
Type domain.Event is not enhanced.

[2022-04-28 14:19:04 #5 type] 
Type domain.User is not enhanced.

[2022-04-28 14:19:04 #6 type] 
Type domain.Pronostic is not enhanced.

[2022-04-28 14:19:04 #7 type] 
Type domain.Bet is not enhanced.

[2022-04-28 14:19:04 #8 type] 
Type domain.Movement is not enhanced.

------------------------------------------------------------------------------------------------------------------------

[2022-04-28 14:19:24 #1 store] 
Database '/home/artiom/git/3_Maila/SI/bets21/src/main/resources/bets.temp' is opened by 15019@Artioms-Laptop

[2022-04-28 14:19:24 #2 type] 
Type domain.Question is not enhanced.

[2022-04-28 14:19:24 #3 type] 
Type domain.Event is not enhanced.

[2022-04-28 14:19:24 #4 type] 
Type domain.User is not enhanced.

[2022-04-28 14:19:24 #5 type] 
Type domain.Pronostic is not enhanced.

[2022-04-28 14:19:24 #6 type] 
Type domain.Bet is not enhanced.

[2022-04-28 14:19:24 #7 type] 
Type domain.Movement is not enhanced.

------------------------------------------------------------------------------------------------------------------------

[2022-04-28 14:20:27 #1 store] 
Database '/home/artiom/git/3_Maila/SI/bets21/src/main/resources/bets.temp' is opened by 15252@Artioms-Laptop

[2022-04-28 14:20:27 #2 type] 
Type domain.Question is not enhanced.

[2022-04-28 14:20:27 #3 type] 
Type domain.Event is not enhanced.

[2022-04-28 14:20:27 #4 type] 
Type domain.User is not enhanced.

[2022-04-28 14:20:27 #5 type] 
Type domain.Pronostic is not enhanced.

[2022-04-28 14:20:27 #6 type] 
Type domain.Bet is not enhanced.

[2022-04-28 14:20:27 #7 type] 
Type domain.Movement is not enhanced.

------------------------------------------------------------------------------------------------------------------------

[2022-04-28 14:21:37 #1 store] 
Database '/home/artiom/git/3_Maila/SI/bets21/src/main/resources/bets.temp' has been recovered (tr. 238-245)

[2022-04-28 14:21:37 #2 store] 
Database '/home/artiom/git/3_Maila/SI/bets21/src/main/resources/bets.temp' is opened by 15359@Artioms-Laptop

[2022-04-28 14:21:38 #3 type] 
Type domain.Question is not enhanced.

[2022-04-28 14:21:38 #4 type] 
Type domain.Event is not enhanced.

[2022-04-28 14:21:38 #5 type] 
Type domain.User is not enhanced.

[2022-04-28 14:21:38 #6 type] 
Type domain.Pronostic is not enhanced.

[2022-04-28 14:21:38 #7 type] 
Type domain.Bet is not enhanced.

[2022-04-28 14:21:38 #8 type] 
Type domain.Movement is not enhanced.

------------------------------------------------------------------------------------------------------------------------

[2022-04-28 14:22:44 #1 store] 
Database '/home/artiom/git/3_Maila/SI/bets21/src/main/resources/bets.temp' is opened by 15512@Artioms-Laptop

[2022-04-28 14:22:44 #2 type] 
Type domain.Question is not enhanced.

[2022-04-28 14:22:44 #3 type] 
Type domain.Event is not enhanced.

[2022-04-28 14:22:44 #4 type] 
Type domain.User is not enhanced.

[2022-04-28 14:22:44 #5 type] 
Type domain.Pronostic is not enhanced.

[2022-04-28 14:22:44 #6 type] 
Type domain.Bet is not enhanced.

[2022-04-28 14:22:44 #7 type] 
Type domain.Movement is not enhanced.

------------------------------------------------------------------------------------------------------------------------

[2022-04-28 14:22:55 #1 store] 
Database '/home/artiom/git/3_Maila/SI/bets21/src/main/resources/bets.temp' is opened by 15564@Artioms-Laptop

[2022-04-28 14:22:56 #2 type] 
Type domain.Question is not enhanced.

[2022-04-28 14:22:56 #3 type] 
Type domain.Event is not enhanced.

[2022-04-28 14:22:56 #4 type] 
Type domain.User is not enhanced.

[2022-04-28 14:22:56 #5 type] 
Type domain.Pronostic is not enhanced.

[2022-04-28 14:22:56 #6 type] 
Type domain.Bet is not enhanced.

[2022-04-28 14:22:56 #7 type] 
Type domain.Movement is not enhanced.

------------------------------------------------------------------------------------------------------------------------

[2022-04-28 14:23:58 #1 store] 
Database '/home/artiom/git/3_Maila/SI/bets21/src/main/resources/bets.temp' has been recovered (tr. 246-255)

[2022-04-28 14:23:58 #2 store] 
Database '/home/artiom/git/3_Maila/SI/bets21/src/main/resources/bets.temp' is opened by 17246@Artioms-Laptop

[2022-04-28 14:23:58 #3 type] 
Type domain.Question is not enhanced.

[2022-04-28 14:23:58 #4 type] 
Type domain.Event is not enhanced.

[2022-04-28 14:23:58 #5 type] 
Type domain.User is not enhanced.

[2022-04-28 14:23:58 #6 type] 
Type domain.Pronostic is not enhanced.

[2022-04-28 14:23:58 #7 type] 
Type domain.Bet is not enhanced.

[2022-04-28 14:23:58 #8 type] 
Type domain.Movement is not enhanced.

------------------------------------------------------------------------------------------------------------------------

[2022-04-28 14:25:19 #1 store] 
Database '/home/artiom/git/3_Maila/SI/bets21/src/main/resources/bets.temp' has been recovered (tr. 256-257)

[2022-04-28 14:25:19 #2 store] 
Database '/home/artiom/git/3_Maila/SI/bets21/src/main/resources/bets.temp' is opened by 18006@Artioms-Laptop

[2022-04-28 14:25:19 #3 type] 
Type domain.Question is not enhanced.

[2022-04-28 14:25:19 #4 type] 
Type domain.Event is not enhanced.

[2022-04-28 14:25:19 #5 type] 
Type domain.User is not enhanced.

[2022-04-28 14:25:19 #6 type] 
Type domain.Pronostic is not enhanced.

[2022-04-28 14:25:19 #7 type] 
Type domain.Bet is not enhanced.

[2022-04-28 14:25:19 #8 type] 
Type domain.Movement is not enhanced.

------------------------------------------------------------------------------------------------------------------------

[2022-04-28 14:28:53 #1 store] 
Database '/home/artiom/git/3_Maila/SI/bets21/src/main/resources/bets.temp' is opened by 18546@Artioms-Laptop

[2022-04-28 14:28:54 #2 type] 
Type domain.Question is not enhanced.

[2022-04-28 14:28:54 #3 type] 
Type domain.Event is not enhanced.

[2022-04-28 14:28:54 #4 type] 
Type domain.User is not enhanced.

[2022-04-28 14:28:54 #5 type] 
Type domain.Pronostic is not enhanced.

[2022-04-28 14:28:54 #6 type] 
Type domain.Bet is not enhanced.

[2022-04-28 14:28:54 #7 type] 
Type domain.Movement is not enhanced.

------------------------------------------------------------------------------------------------------------------------

[2022-04-28 14:30:47 #1 store] 
Database '/home/artiom/git/3_Maila/SI/bets21/src/main/resources/bets.temp' has been recovered (tr. 258-263)

[2022-04-28 14:30:47 #2 store] 
Database '/home/artiom/git/3_Maila/SI/bets21/src/main/resources/bets.temp' is opened by 18819@Artioms-Laptop

[2022-04-28 14:30:47 #3 type] 
Type domain.Question is not enhanced.

[2022-04-28 14:30:47 #4 type] 
Type domain.Event is not enhanced.

[2022-04-28 14:30:47 #5 type] 
Type domain.User is not enhanced.

[2022-04-28 14:30:47 #6 type] 
Type domain.Pronostic is not enhanced.

[2022-04-28 14:30:47 #7 type] 
Type domain.Bet is not enhanced.

[2022-04-28 14:30:47 #8 type] 
Type domain.Movement is not enhanced.

