------------------------------------------------------------------------------------------------------------------------

[2022-04-06 00:13:17 #1 store] 
Database '/home/josue/git/Bets21/src/main/resources/bets.temp' is opened by 23554@josue

[2022-04-06 00:13:18 #2 type] 
Type domain.Question is not enhanced.

[2022-04-06 00:13:18 #3 type] 
Type domain.Event is not enhanced.

[2022-04-06 00:13:18 #4 type] 
Type domain.User is not enhanced.

[2022-04-06 00:13:18 #5 type] 
Type domain.Pronostic is not enhanced.

[2022-04-06 00:13:18 #6 type] 
Type domain.Bet is not enhanced.

[2022-04-06 00:13:18 #7 type] 
Type domain.Movement is not enhanced.

------------------------------------------------------------------------------------------------------------------------

[2022-04-06 00:14:38 #1 store] 
Database '/home/josue/git/Bets21/src/main/resources/bets.temp' is opened by 23655@josue

[2022-04-06 00:14:38 #2 type] 
Type domain.Question is not enhanced.

[2022-04-06 00:14:38 #3 type] 
Type domain.Event is not enhanced.

[2022-04-06 00:14:38 #4 type] 
Type domain.User is not enhanced.

[2022-04-06 00:14:38 #5 type] 
Type domain.Pronostic is not enhanced.

[2022-04-06 00:14:38 #6 type] 
Type domain.Bet is not enhanced.

[2022-04-06 00:14:38 #7 type] 
Type domain.Movement is not enhanced.

