------------------------------------------------------------------------------------------------------------------------

[2022-03-29 16:52:31 #1 store] 
Database '/home/artiom/git/Bets21/src/main/resources/bets.temp' is opened by 4109@Artioms-Laptop

[2022-03-29 16:52:32 #2 type] 
Type domain.Question is not enhanced.

[2022-03-29 16:52:32 #3 type] 
Type domain.Event is not enhanced.

[2022-03-29 16:52:32 #4 type] 
Type domain.User is not enhanced.

------------------------------------------------------------------------------------------------------------------------

[2022-03-29 16:57:23 #1 store] 
Database '/home/artiom/git/Bets21/src/main/resources/bets.temp' is opened by 6237@Artioms-Laptop

[2022-03-29 16:57:23 #2 type] 
Type domain.Question is not enhanced.

[2022-03-29 16:57:23 #3 type] 
Type domain.Event is not enhanced.

[2022-03-29 16:57:23 #4 type] 
Type domain.User is not enhanced.

------------------------------------------------------------------------------------------------------------------------

[2022-03-29 17:02:38 #1 store] 
Database '/home/artiom/git/Bets21/src/main/resources/bets.temp' is opened by 10080@Artioms-Laptop

[2022-03-29 17:02:39 #2 type] 
Type domain.Question is not enhanced.

[2022-03-29 17:02:39 #3 type] 
Type domain.Event is not enhanced.

[2022-03-29 17:02:39 #4 type] 
Type domain.User is not enhanced.

------------------------------------------------------------------------------------------------------------------------

[2022-03-29 17:04:25 #1 store] 
Database '/home/artiom/git/Bets21/src/main/resources/bets.temp' is opened by 10623@Artioms-Laptop

[2022-03-29 17:04:25 #2 type] 
Type domain.Question is not enhanced.

[2022-03-29 17:04:25 #3 type] 
Type domain.Event is not enhanced.

[2022-03-29 17:04:25 #4 type] 
Type domain.User is not enhanced.

------------------------------------------------------------------------------------------------------------------------

[2022-03-29 17:05:46 #1 store] 
Database '/home/artiom/git/Bets21/src/main/resources/bets.temp' is opened by 11189@Artioms-Laptop

[2022-03-29 17:05:46 #2 type] 
Type domain.Question is not enhanced.

[2022-03-29 17:05:46 #3 type] 
Type domain.Event is not enhanced.

[2022-03-29 17:05:46 #4 type] 
Type domain.User is not enhanced.

------------------------------------------------------------------------------------------------------------------------

[2022-03-29 17:10:53 #1 store] 
Database '/home/artiom/git/Bets21/src/main/resources/bets.temp' is opened by 12185@Artioms-Laptop

[2022-03-29 17:10:53 #2 type] 
Type domain.Question is not enhanced.

[2022-03-29 17:10:53 #3 type] 
Type domain.Event is not enhanced.

[2022-03-29 17:10:53 #4 type] 
Type domain.User is not enhanced.

------------------------------------------------------------------------------------------------------------------------

[2022-03-29 17:16:11 #1 store] 
Database '/home/artiom/git/Bets21/src/main/resources/bets.temp' is opened by 12687@Artioms-Laptop

[2022-03-29 17:16:12 #2 type] 
Type domain.Question is not enhanced.

[2022-03-29 17:16:12 #3 type] 
Type domain.Event is not enhanced.

[2022-03-29 17:16:12 #4 type] 
Type domain.User is not enhanced.

------------------------------------------------------------------------------------------------------------------------

[2022-03-29 17:16:52 #1 store] 
Database '/home/artiom/git/Bets21/src/main/resources/bets.temp' is opened by 12776@Artioms-Laptop

[2022-03-29 17:16:52 #2 type] 
Type domain.Question is not enhanced.

[2022-03-29 17:16:52 #3 type] 
Type domain.Event is not enhanced.

[2022-03-29 17:16:52 #4 type] 
Type domain.User is not enhanced.

------------------------------------------------------------------------------------------------------------------------

[2022-03-29 17:18:27 #1 store] 
Database '/home/artiom/git/Bets21/src/main/resources/bets.temp' is opened by 12905@Artioms-Laptop

[2022-03-29 17:18:27 #2 type] 
Type domain.Question is not enhanced.

[2022-03-29 17:18:27 #3 type] 
Type domain.Event is not enhanced.

[2022-03-29 17:18:27 #4 type] 
Type domain.User is not enhanced.

