------------------------------------------------------------------------------------------------------------------------

[2022-02-25 15:17:47 #1 store] 
Database '/home/josue/git/Bets21/src/main/resources/bets.temp' is opened by 2960@JosueCabezas

[2022-02-25 15:17:48 #2 type.registry] 
New type domain.Question

[2022-02-25 15:17:48 #3 type] 
Type domain.Question is not enhanced.

[2022-02-25 15:17:48 #4 type.registry] 
New type domain.Event

[2022-02-25 15:17:48 #5 type] 
Type domain.Event is not enhanced.

[2022-02-25 15:17:48 #6 type.registry] 
New type java.util.Vector<domain.Question>

[2022-02-25 15:17:48 #7 type.registry] 
New type java.util.Vector<java.lang.Object>

------------------------------------------------------------------------------------------------------------------------

[2022-02-25 15:30:05 #1 store] 
Database '/home/josue/git/Bets21/src/main/resources/bets.temp' is opened by 4234@JosueCabezas

[2022-02-25 15:30:05 #2 type.registry] 
New type domain.Question

[2022-02-25 15:30:05 #3 type] 
Type domain.Question is not enhanced.

[2022-02-25 15:30:05 #4 type.registry] 
New type domain.Event

[2022-02-25 15:30:05 #5 type] 
Type domain.Event is not enhanced.

[2022-02-25 15:30:05 #6 type.registry] 
New type java.util.Vector<domain.Question>

[2022-02-25 15:30:05 #7 type.registry] 
New type java.util.Vector<java.lang.Object>

------------------------------------------------------------------------------------------------------------------------

[2022-02-25 15:31:38 #1 store] 
Database '/home/josue/git/Bets21/src/main/resources/bets.temp' is opened by 4317@JosueCabezas

[2022-02-25 15:31:38 #2 type.registry] 
New type domain.Question

[2022-02-25 15:31:38 #3 type] 
Type domain.Question is not enhanced.

[2022-02-25 15:31:38 #4 type.registry] 
New type domain.Event

[2022-02-25 15:31:38 #5 type] 
Type domain.Event is not enhanced.

[2022-02-25 15:31:38 #6 type.registry] 
New type java.util.Vector<domain.Question>

[2022-02-25 15:31:38 #7 type.registry] 
New type java.util.Vector<java.lang.Object>

------------------------------------------------------------------------------------------------------------------------

[2022-02-25 15:57:23 #1 store] 
Database '/home/josue/git/Bets21/src/main/resources/bets.temp' is opened by 5793@JosueCabezas

[2022-02-25 15:57:23 #2 type.registry] 
New type domain.Question

[2022-02-25 15:57:23 #3 type] 
Type domain.Question is not enhanced.

[2022-02-25 15:57:23 #4 type.registry] 
New type domain.Event

[2022-02-25 15:57:23 #5 type] 
Type domain.Event is not enhanced.

[2022-02-25 15:57:23 #6 type.registry] 
New type java.util.Vector<domain.Question>

[2022-02-25 15:57:23 #7 type.registry] 
New type java.util.Vector<java.lang.Object>

------------------------------------------------------------------------------------------------------------------------

[2022-02-25 15:58:58 #1 store] 
Database '/home/josue/git/Bets21/src/main/resources/bets.temp' is opened by 5959@JosueCabezas

[2022-02-25 15:58:59 #2 type.registry] 
New type domain.Question

[2022-02-25 15:58:59 #3 type] 
Type domain.Question is not enhanced.

[2022-02-25 15:58:59 #4 type.registry] 
New type domain.Event

[2022-02-25 15:58:59 #5 type] 
Type domain.Event is not enhanced.

[2022-02-25 15:58:59 #6 type.registry] 
New type java.util.Vector<domain.Question>

[2022-02-25 15:58:59 #7 type.registry] 
New type java.util.Vector<java.lang.Object>

------------------------------------------------------------------------------------------------------------------------

[2022-02-25 15:59:24 #1 store] 
Database '/home/josue/git/Bets21/src/main/resources/bets.temp' is opened by 6030@JosueCabezas

[2022-02-25 15:59:24 #2 type.registry] 
New type domain.Question

[2022-02-25 15:59:24 #3 type] 
Type domain.Question is not enhanced.

[2022-02-25 15:59:24 #4 type.registry] 
New type domain.Event

[2022-02-25 15:59:24 #5 type] 
Type domain.Event is not enhanced.

[2022-02-25 15:59:24 #6 type.registry] 
New type java.util.Vector<domain.Question>

[2022-02-25 15:59:24 #7 type.registry] 
New type java.util.Vector<java.lang.Object>

------------------------------------------------------------------------------------------------------------------------

[2022-02-25 16:00:27 #1 store] 
Database '/home/josue/git/Bets21/src/main/resources/bets.temp' is opened by 6095@JosueCabezas

[2022-02-25 16:00:27 #2 type.registry] 
New type domain.Question

[2022-02-25 16:00:27 #3 type] 
Type domain.Question is not enhanced.

[2022-02-25 16:00:27 #4 type.registry] 
New type domain.Event

[2022-02-25 16:00:27 #5 type] 
Type domain.Event is not enhanced.

[2022-02-25 16:00:27 #6 type.registry] 
New type java.util.Vector<domain.Question>

[2022-02-25 16:00:27 #7 type.registry] 
New type java.util.Vector<java.lang.Object>

------------------------------------------------------------------------------------------------------------------------

[2022-02-25 16:03:18 #1 store] 
Database '/home/josue/git/Bets21/src/main/resources/bets.temp' is opened by 6343@JosueCabezas

[2022-02-25 16:03:19 #2 type.registry] 
New type domain.Question

[2022-02-25 16:03:19 #3 type] 
Type domain.Question is not enhanced.

[2022-02-25 16:03:19 #4 type.registry] 
New type domain.Event

[2022-02-25 16:03:19 #5 type] 
Type domain.Event is not enhanced.

[2022-02-25 16:03:19 #6 type.registry] 
New type java.util.Vector<domain.Question>

[2022-02-25 16:03:19 #7 type.registry] 
New type java.util.Vector<java.lang.Object>

------------------------------------------------------------------------------------------------------------------------

[2022-02-25 16:03:29 #1 store] 
Database '/home/josue/git/Bets21/src/main/resources/bets.temp' is opened by 6386@JosueCabezas

[2022-02-25 16:03:29 #2 type.registry] 
New type domain.Question

[2022-02-25 16:03:29 #3 type] 
Type domain.Question is not enhanced.

[2022-02-25 16:03:29 #4 type.registry] 
New type domain.Event

[2022-02-25 16:03:29 #5 type] 
Type domain.Event is not enhanced.

[2022-02-25 16:03:29 #6 type.registry] 
New type java.util.Vector<domain.Question>

[2022-02-25 16:03:29 #7 type.registry] 
New type java.util.Vector<java.lang.Object>

------------------------------------------------------------------------------------------------------------------------

[2022-02-25 16:04:03 #1 store] 
Database '/home/josue/git/Bets21/src/main/resources/bets.temp' is opened by 6436@JosueCabezas

[2022-02-25 16:04:04 #2 type.registry] 
New type domain.Question

[2022-02-25 16:04:04 #3 type] 
Type domain.Question is not enhanced.

[2022-02-25 16:04:04 #4 type.registry] 
New type domain.Event

[2022-02-25 16:04:04 #5 type] 
Type domain.Event is not enhanced.

[2022-02-25 16:04:04 #6 type.registry] 
New type java.util.Vector<domain.Question>

[2022-02-25 16:04:04 #7 type.registry] 
New type java.util.Vector<java.lang.Object>

------------------------------------------------------------------------------------------------------------------------

[2022-02-25 16:05:22 #1 store] 
Database '/home/josue/git/Bets21/src/main/resources/bets.temp' is opened by 6557@JosueCabezas

[2022-02-25 16:05:23 #2 type.registry] 
New type domain.Question

[2022-02-25 16:05:23 #3 type] 
Type domain.Question is not enhanced.

[2022-02-25 16:05:23 #4 type.registry] 
New type domain.Event

[2022-02-25 16:05:23 #5 type] 
Type domain.Event is not enhanced.

[2022-02-25 16:05:23 #6 type.registry] 
New type java.util.Vector<domain.Question>

[2022-02-25 16:05:23 #7 type.registry] 
New type java.util.Vector<java.lang.Object>

