------------------------------------------------------------------------------------------------------------------------

[2022-03-08 18:13:44 #1 store] 
Database '/home/josue/git/Bets21/src/main/resources/bets.temp' is opened by 4566@JosueCabezas

[2022-03-08 18:13:45 #2 type] 
Type domain.Question is not enhanced.

[2022-03-08 18:13:45 #3 type] 
Type domain.Event is not enhanced.

[2022-03-08 18:13:45 #4 type] 
Type domain.User is not enhanced.

------------------------------------------------------------------------------------------------------------------------

[2022-03-08 18:14:08 #1 store] 
Database '/home/josue/git/Bets21/src/main/resources/bets.temp' has been recovered (tr. 11-11)

[2022-03-08 18:14:08 #2 store] 
Database '/home/josue/git/Bets21/src/main/resources/bets.temp' is opened by 4611@JosueCabezas

[2022-03-08 18:14:08 #3 type] 
Type domain.Question is not enhanced.

[2022-03-08 18:14:08 #4 type] 
Type domain.Event is not enhanced.

[2022-03-08 18:14:09 #5 type] 
Type domain.User is not enhanced.

------------------------------------------------------------------------------------------------------------------------

[2022-03-08 18:14:30 #1 store] 
Database '/home/josue/git/Bets21/src/main/resources/bets.temp' is opened by 4655@JosueCabezas

[2022-03-08 18:14:30 #2 type] 
Type domain.Question is not enhanced.

[2022-03-08 18:14:30 #3 type] 
Type domain.Event is not enhanced.

[2022-03-08 18:14:30 #4 type] 
Type domain.User is not enhanced.

------------------------------------------------------------------------------------------------------------------------

[2022-03-08 18:19:23 #1 store] 
Database '/home/josue/git/Bets21/src/main/resources/bets.temp' is opened by 5078@JosueCabezas

[2022-03-08 18:19:23 #2 type] 
Type domain.Question is not enhanced.

[2022-03-08 18:19:23 #3 type] 
Type domain.Event is not enhanced.

[2022-03-08 18:19:23 #4 type] 
Type domain.User is not enhanced.

------------------------------------------------------------------------------------------------------------------------

[2022-03-08 18:19:58 #1 store] 
Database '/home/josue/git/Bets21/src/main/resources/bets.temp' is opened by 5145@JosueCabezas

[2022-03-08 18:19:58 #2 type] 
Type domain.Question is not enhanced.

[2022-03-08 18:19:58 #3 type] 
Type domain.Event is not enhanced.

[2022-03-08 18:19:58 #4 type] 
Type domain.User is not enhanced.

------------------------------------------------------------------------------------------------------------------------

[2022-03-08 18:21:15 #1 store] 
Database '/home/josue/git/Bets21/src/main/resources/bets.temp' has been recovered (tr. 15-15)

[2022-03-08 18:21:15 #2 store] 
Database '/home/josue/git/Bets21/src/main/resources/bets.temp' is opened by 5267@JosueCabezas

[2022-03-08 18:21:16 #3 type] 
Type domain.Question is not enhanced.

[2022-03-08 18:21:16 #4 type] 
Type domain.Event is not enhanced.

[2022-03-08 18:21:16 #5 type] 
Type domain.User is not enhanced.

------------------------------------------------------------------------------------------------------------------------

[2022-03-08 18:22:23 #1 store] 
Database '/home/josue/git/Bets21/src/main/resources/bets.temp' is opened by 5442@JosueCabezas

[2022-03-08 18:22:23 #2 type] 
Type domain.Question is not enhanced.

[2022-03-08 18:22:23 #3 type] 
Type domain.Event is not enhanced.

[2022-03-08 18:22:23 #4 type] 
Type domain.User is not enhanced.

------------------------------------------------------------------------------------------------------------------------

[2022-03-08 18:29:30 #1 store] 
Database '/home/josue/git/Bets21/src/main/resources/bets.temp' is opened by 6339@JosueCabezas

[2022-03-08 18:29:31 #2 type] 
Type domain.Question is not enhanced.

[2022-03-08 18:29:31 #3 type] 
Type domain.Event is not enhanced.

[2022-03-08 18:29:31 #4 type] 
Type domain.User is not enhanced.

------------------------------------------------------------------------------------------------------------------------

[2022-03-08 18:33:37 #1 store] 
Database '/home/josue/git/Bets21/src/main/resources/bets.temp' is opened by 6955@JosueCabezas

[2022-03-08 18:33:37 #2 type] 
Type domain.Question is not enhanced.

[2022-03-08 18:33:37 #3 type] 
Type domain.Event is not enhanced.

[2022-03-08 18:33:37 #4 type] 
Type domain.User is not enhanced.

------------------------------------------------------------------------------------------------------------------------

[2022-03-08 18:34:48 #1 store] 
Database '/home/josue/git/Bets21/src/main/resources/bets.temp' is opened by 7113@JosueCabezas

[2022-03-08 18:34:48 #2 type] 
Type domain.Question is not enhanced.

[2022-03-08 18:34:48 #3 type] 
Type domain.Event is not enhanced.

[2022-03-08 18:34:48 #4 type] 
Type domain.User is not enhanced.

------------------------------------------------------------------------------------------------------------------------

[2022-03-08 18:35:18 #1 store] 
Database '/home/josue/git/Bets21/src/main/resources/bets.temp' is opened by 7186@JosueCabezas

[2022-03-08 18:35:19 #2 type] 
Type domain.Question is not enhanced.

[2022-03-08 18:35:19 #3 type] 
Type domain.Event is not enhanced.

[2022-03-08 18:35:19 #4 type] 
Type domain.User is not enhanced.

------------------------------------------------------------------------------------------------------------------------

[2022-03-08 18:39:29 #1 store] 
Database '/home/josue/git/Bets21/src/main/resources/bets.temp' is opened by 7570@JosueCabezas

[2022-03-08 18:39:29 #2 type] 
Type domain.Question is not enhanced.

[2022-03-08 18:39:29 #3 type] 
Type domain.Event is not enhanced.

[2022-03-08 18:39:29 #4 type] 
Type domain.User is not enhanced.

------------------------------------------------------------------------------------------------------------------------

[2022-03-08 18:44:31 #1 store] 
Database '/home/josue/git/Bets21/src/main/resources/bets.temp' is opened by 8041@JosueCabezas

[2022-03-08 18:44:31 #2 type] 
Type domain.Question is not enhanced.

[2022-03-08 18:44:31 #3 type] 
Type domain.Event is not enhanced.

[2022-03-08 18:44:31 #4 type] 
Type domain.User is not enhanced.

------------------------------------------------------------------------------------------------------------------------

[2022-03-08 18:46:44 #1 store] 
Database '/home/josue/git/Bets21/src/main/resources/bets.temp' is opened by 8224@JosueCabezas

[2022-03-08 18:46:44 #2 type] 
Type domain.Question is not enhanced.

[2022-03-08 18:46:44 #3 type] 
Type domain.Event is not enhanced.

[2022-03-08 18:46:44 #4 type] 
Type domain.User is not enhanced.

------------------------------------------------------------------------------------------------------------------------

[2022-03-08 18:48:13 #1 store] 
Database '/home/josue/git/Bets21/src/main/resources/bets.temp' is opened by 8322@JosueCabezas

[2022-03-08 18:48:13 #2 type] 
Type domain.Question is not enhanced.

[2022-03-08 18:48:13 #3 type] 
Type domain.Event is not enhanced.

[2022-03-08 18:48:13 #4 type] 
Type domain.User is not enhanced.

------------------------------------------------------------------------------------------------------------------------

[2022-03-08 18:48:25 #1 store] 
Database '/home/josue/git/Bets21/src/main/resources/bets.temp' is opened by 8364@JosueCabezas

[2022-03-08 18:48:25 #2 type] 
Type domain.Question is not enhanced.

[2022-03-08 18:48:25 #3 type] 
Type domain.Event is not enhanced.

[2022-03-08 18:48:25 #4 type] 
Type domain.User is not enhanced.

------------------------------------------------------------------------------------------------------------------------

[2022-03-08 18:50:45 #1 store] 
Database '/home/josue/git/Bets21/src/main/resources/bets.temp' is opened by 8569@JosueCabezas

[2022-03-08 18:50:45 #2 type] 
Type domain.Question is not enhanced.

[2022-03-08 18:50:45 #3 type] 
Type domain.Event is not enhanced.

[2022-03-08 18:50:45 #4 type] 
Type domain.User is not enhanced.

------------------------------------------------------------------------------------------------------------------------

[2022-03-08 19:00:56 #1 store] 
Database '/home/josue/git/Bets21/src/main/resources/bets.temp' is opened by 9152@JosueCabezas

[2022-03-08 19:00:56 #2 type] 
Type domain.Question is not enhanced.

[2022-03-08 19:00:56 #3 type] 
Type domain.Event is not enhanced.

[2022-03-08 19:00:56 #4 type] 
Type domain.User is not enhanced.

------------------------------------------------------------------------------------------------------------------------

[2022-03-08 19:21:34 #1 store] 
Database '/home/josue/git/Bets21/src/main/resources/bets.temp' is opened by 9976@JosueCabezas

[2022-03-08 19:21:34 #2 type] 
Type domain.Question is not enhanced.

[2022-03-08 19:21:34 #3 type] 
Type domain.Event is not enhanced.

[2022-03-08 19:21:34 #4 type] 
Type domain.User is not enhanced.

------------------------------------------------------------------------------------------------------------------------

[2022-03-08 19:21:47 #1 store] 
Database '/home/josue/git/Bets21/src/main/resources/bets.temp' is opened by 10028@JosueCabezas

[2022-03-08 19:21:47 #2 type] 
Type domain.Question is not enhanced.

[2022-03-08 19:21:47 #3 type] 
Type domain.Event is not enhanced.

[2022-03-08 19:21:47 #4 type] 
Type domain.User is not enhanced.

------------------------------------------------------------------------------------------------------------------------

[2022-03-08 19:24:01 #1 store] 
Database '/home/josue/git/Bets21/src/main/resources/bets.temp' is opened by 10244@JosueCabezas

[2022-03-08 19:24:01 #2 type] 
Type domain.Question is not enhanced.

[2022-03-08 19:24:01 #3 type] 
Type domain.Event is not enhanced.

[2022-03-08 19:24:01 #4 type] 
Type domain.User is not enhanced.

------------------------------------------------------------------------------------------------------------------------

[2022-03-08 19:26:20 #1 store] 
Database '/home/josue/git/Bets21/src/main/resources/bets.temp' is opened by 11287@JosueCabezas

[2022-03-08 19:26:20 #2 type] 
Type domain.Question is not enhanced.

[2022-03-08 19:26:20 #3 type] 
Type domain.Event is not enhanced.

[2022-03-08 19:26:20 #4 type] 
Type domain.User is not enhanced.

