------------------------------------------------------------------------------------------------------------------------

[2022-05-21 17:56:47 #1 store] 
Database '/home/artiom/git/3_Maila/SI/bets21/src/main/resources/bets.temp' is opened by 115148@Artioms-Laptop

[2022-05-21 17:56:47 #2 type] 
Type domain.Question is not enhanced.

[2022-05-21 17:56:47 #3 type] 
Type domain.Event is not enhanced.

[2022-05-21 17:56:47 #4 type] 
Type domain.User is not enhanced.

[2022-05-21 17:56:47 #5 type] 
Type domain.Pronostic is not enhanced.

[2022-05-21 17:56:47 #6 type] 
Type domain.Bet is not enhanced.

[2022-05-21 17:56:47 #7 type] 
Type domain.Movement is not enhanced.

[2022-05-21 17:56:47 #8 type] 
Type domain.Message is not enhanced.

[2022-05-21 17:56:47 #9 type] 
Type domain.Lottery is not enhanced.

[2022-05-21 17:56:47 #10 type] 
Type domain.Ticket is not enhanced.

------------------------------------------------------------------------------------------------------------------------

[2022-05-21 20:19:43 #1 store] 
Database '/home/artiom/git/3_Maila/SI/bets21/src/main/resources/bets.temp' is opened by 132557@Artioms-Laptop

[2022-05-21 20:19:43 #2 type] 
Type domain.Question is not enhanced.

[2022-05-21 20:19:43 #3 type] 
Type domain.Event is not enhanced.

[2022-05-21 20:19:43 #4 type] 
Type domain.User is not enhanced.

[2022-05-21 20:19:43 #5 type] 
Type domain.Pronostic is not enhanced.

[2022-05-21 20:19:43 #6 type] 
Type domain.Bet is not enhanced.

[2022-05-21 20:19:43 #7 type] 
Type domain.Movement is not enhanced.

[2022-05-21 20:19:43 #8 type] 
Type domain.Message is not enhanced.

[2022-05-21 20:19:43 #9 type] 
Type domain.Lottery is not enhanced.

[2022-05-21 20:19:43 #10 type] 
Type domain.Ticket is not enhanced.

------------------------------------------------------------------------------------------------------------------------

[2022-05-21 20:20:03 #1 store] 
Database '/home/artiom/git/3_Maila/SI/bets21/src/main/resources/bets.temp' is opened by 132685@Artioms-Laptop

[2022-05-21 20:20:03 #2 type] 
Type domain.Question is not enhanced.

[2022-05-21 20:20:03 #3 type] 
Type domain.Event is not enhanced.

[2022-05-21 20:20:03 #4 type] 
Type domain.User is not enhanced.

[2022-05-21 20:20:03 #5 type] 
Type domain.Pronostic is not enhanced.

[2022-05-21 20:20:03 #6 type] 
Type domain.Bet is not enhanced.

[2022-05-21 20:20:03 #7 type] 
Type domain.Movement is not enhanced.

[2022-05-21 20:20:03 #8 type] 
Type domain.Message is not enhanced.

[2022-05-21 20:20:03 #9 type] 
Type domain.Lottery is not enhanced.

[2022-05-21 20:20:03 #10 type] 
Type domain.Ticket is not enhanced.

