------------------------------------------------------------------------------------------------------------------------

[2022-03-30 18:34:36 #1 store] 
Database '/home/josue/git/Bets21/src/main/resources/bets.temp' is opened by 3469@josue

[2022-03-30 18:34:37 #2 type] 
Type domain.Question is not enhanced.

[2022-03-30 18:34:37 #3 type] 
Type domain.Event is not enhanced.

[2022-03-30 18:34:37 #4 type] 
Type domain.User is not enhanced.

[2022-03-30 18:34:37 #5 type] 
Type domain.Pronostic is not enhanced.

[2022-03-30 18:34:37 #6 type] 
Type domain.Bet is not enhanced.

------------------------------------------------------------------------------------------------------------------------

[2022-03-30 18:35:03 #1 store] 
Database '/home/josue/git/Bets21/src/main/resources/bets.temp' is opened by 3521@josue

[2022-03-30 18:35:04 #2 type] 
Type domain.Question is not enhanced.

[2022-03-30 18:35:04 #3 type] 
Type domain.Event is not enhanced.

[2022-03-30 18:35:04 #4 type] 
Type domain.User is not enhanced.

[2022-03-30 18:35:04 #5 type] 
Type domain.Pronostic is not enhanced.

[2022-03-30 18:35:04 #6 type] 
Type domain.Bet is not enhanced.

[2022-03-30 18:35:27 #7 type.registry] 
New type java.util.ArrayList<java.lang.Object>

