------------------------------------------------------------------------------------------------------------------------

[2022-04-04 12:42:17 #1 store] 
Database '/home/artiom/git/Bets21/src/main/resources/bets.temp' is opened by 3130@Artioms-Laptop

[2022-04-04 12:42:18 #2 type] 
Type domain.Question is not enhanced.

[2022-04-04 12:42:18 #3 type] 
Type domain.Event is not enhanced.

[2022-04-04 12:42:18 #4 type] 
Type domain.User is not enhanced.

[2022-04-04 12:42:18 #5 type] 
Type domain.Pronostic is not enhanced.

[2022-04-04 12:42:18 #6 type] 
Type domain.Bet is not enhanced.

------------------------------------------------------------------------------------------------------------------------

[2022-04-04 12:42:36 #1 store] 
Database '/home/artiom/git/Bets21/src/main/resources/bets.temp' is opened by 3209@Artioms-Laptop

[2022-04-04 12:42:37 #2 type] 
Type domain.Question is not enhanced.

[2022-04-04 12:42:37 #3 type] 
Type domain.Event is not enhanced.

[2022-04-04 12:42:37 #4 type] 
Type domain.User is not enhanced.

[2022-04-04 12:42:37 #5 type] 
Type domain.Pronostic is not enhanced.

[2022-04-04 12:42:37 #6 type] 
Type domain.Bet is not enhanced.

------------------------------------------------------------------------------------------------------------------------

[2022-04-04 12:43:41 #1 store] 
Database '/home/artiom/git/Bets21/src/main/resources/bets.temp' is opened by 3308@Artioms-Laptop

[2022-04-04 12:43:41 #2 type] 
Type domain.Question is not enhanced.

[2022-04-04 12:43:41 #3 type] 
Type domain.Event is not enhanced.

[2022-04-04 12:43:41 #4 type] 
Type domain.User is not enhanced.

[2022-04-04 12:43:41 #5 type] 
Type domain.Pronostic is not enhanced.

[2022-04-04 12:43:41 #6 type] 
Type domain.Bet is not enhanced.

------------------------------------------------------------------------------------------------------------------------

[2022-04-04 12:48:59 #1 store] 
Database '/home/artiom/git/Bets21/src/main/resources/bets.temp' is opened by 6079@Artioms-Laptop

[2022-04-04 12:48:59 #2 type] 
Type domain.Question is not enhanced.

[2022-04-04 12:48:59 #3 type] 
Type domain.Event is not enhanced.

[2022-04-04 12:48:59 #4 type] 
Type domain.User is not enhanced.

[2022-04-04 12:48:59 #5 type] 
Type domain.Pronostic is not enhanced.

[2022-04-04 12:48:59 #6 type] 
Type domain.Bet is not enhanced.

------------------------------------------------------------------------------------------------------------------------

[2022-04-04 12:49:08 #1 store] 
Database '/home/artiom/git/Bets21/src/main/resources/bets.temp' is opened by 6132@Artioms-Laptop

[2022-04-04 12:49:08 #2 type] 
Type domain.Question is not enhanced.

[2022-04-04 12:49:08 #3 type] 
Type domain.Event is not enhanced.

[2022-04-04 12:49:08 #4 type] 
Type domain.User is not enhanced.

[2022-04-04 12:49:08 #5 type] 
Type domain.Pronostic is not enhanced.

[2022-04-04 12:49:08 #6 type] 
Type domain.Bet is not enhanced.

------------------------------------------------------------------------------------------------------------------------

[2022-04-04 12:49:30 #1 store] 
Database '/home/artiom/git/Bets21/src/main/resources/bets.temp' is opened by 6188@Artioms-Laptop

[2022-04-04 12:49:31 #2 type] 
Type domain.Question is not enhanced.

[2022-04-04 12:49:31 #3 type] 
Type domain.Event is not enhanced.

[2022-04-04 12:49:31 #4 type] 
Type domain.User is not enhanced.

[2022-04-04 12:49:31 #5 type] 
Type domain.Pronostic is not enhanced.

[2022-04-04 12:49:31 #6 type] 
Type domain.Bet is not enhanced.

------------------------------------------------------------------------------------------------------------------------

[2022-04-04 12:49:56 #1 store] 
Database '/home/artiom/git/Bets21/src/main/resources/bets.temp' is opened by 6249@Artioms-Laptop

[2022-04-04 12:49:56 #2 type] 
Type domain.Question is not enhanced.

[2022-04-04 12:49:57 #3 type] 
Type domain.Event is not enhanced.

[2022-04-04 12:49:57 #4 type] 
Type domain.User is not enhanced.

[2022-04-04 12:49:57 #5 type] 
Type domain.Pronostic is not enhanced.

[2022-04-04 12:49:57 #6 type] 
Type domain.Bet is not enhanced.

------------------------------------------------------------------------------------------------------------------------

[2022-04-04 12:52:32 #1 store] 
Database '/home/artiom/git/Bets21/src/main/resources/bets.temp' is opened by 6515@Artioms-Laptop

[2022-04-04 12:52:32 #2 type] 
Type domain.Question is not enhanced.

[2022-04-04 12:52:32 #3 type] 
Type domain.Event is not enhanced.

[2022-04-04 12:52:32 #4 type] 
Type domain.User is not enhanced.

[2022-04-04 12:52:32 #5 type] 
Type domain.Pronostic is not enhanced.

[2022-04-04 12:52:32 #6 type] 
Type domain.Bet is not enhanced.

------------------------------------------------------------------------------------------------------------------------

[2022-04-04 12:54:33 #1 store] 
Database '/home/artiom/git/Bets21/src/main/resources/bets.temp' is opened by 6735@Artioms-Laptop

[2022-04-04 12:54:34 #2 type] 
Type domain.Question is not enhanced.

[2022-04-04 12:54:34 #3 type] 
Type domain.Event is not enhanced.

[2022-04-04 12:54:34 #4 type] 
Type domain.User is not enhanced.

[2022-04-04 12:54:34 #5 type] 
Type domain.Pronostic is not enhanced.

[2022-04-04 12:54:34 #6 type] 
Type domain.Bet is not enhanced.

------------------------------------------------------------------------------------------------------------------------

[2022-04-04 12:56:30 #1 store] 
Database '/home/artiom/git/Bets21/src/main/resources/bets.temp' is opened by 7055@Artioms-Laptop

[2022-04-04 12:56:30 #2 type] 
Type domain.Question is not enhanced.

[2022-04-04 12:56:30 #3 type] 
Type domain.Event is not enhanced.

[2022-04-04 12:56:30 #4 type] 
Type domain.User is not enhanced.

[2022-04-04 12:56:30 #5 type] 
Type domain.Pronostic is not enhanced.

[2022-04-04 12:56:30 #6 type] 
Type domain.Bet is not enhanced.

------------------------------------------------------------------------------------------------------------------------

[2022-04-04 12:57:13 #1 store] 
Database '/home/artiom/git/Bets21/src/main/resources/bets.temp' is opened by 7144@Artioms-Laptop

[2022-04-04 12:57:13 #2 type] 
Type domain.Question is not enhanced.

[2022-04-04 12:57:13 #3 type] 
Type domain.Event is not enhanced.

[2022-04-04 12:57:13 #4 type] 
Type domain.User is not enhanced.

[2022-04-04 12:57:13 #5 type] 
Type domain.Pronostic is not enhanced.

[2022-04-04 12:57:13 #6 type] 
Type domain.Bet is not enhanced.

------------------------------------------------------------------------------------------------------------------------

[2022-04-04 12:59:34 #1 store] 
Database '/home/artiom/git/Bets21/src/main/resources/bets.temp' is opened by 7414@Artioms-Laptop

[2022-04-04 12:59:35 #2 type] 
Type domain.Question is not enhanced.

[2022-04-04 12:59:35 #3 type] 
Type domain.Event is not enhanced.

[2022-04-04 12:59:35 #4 type] 
Type domain.User is not enhanced.

[2022-04-04 12:59:35 #5 type] 
Type domain.Pronostic is not enhanced.

[2022-04-04 12:59:35 #6 type] 
Type domain.Bet is not enhanced.

------------------------------------------------------------------------------------------------------------------------

[2022-04-04 13:01:37 #1 store] 
Database '/home/artiom/git/Bets21/src/main/resources/bets.temp' is opened by 7754@Artioms-Laptop

[2022-04-04 13:01:37 #2 type] 
Type domain.Question is not enhanced.

[2022-04-04 13:01:37 #3 type] 
Type domain.Event is not enhanced.

[2022-04-04 13:01:37 #4 type] 
Type domain.User is not enhanced.

[2022-04-04 13:01:37 #5 type] 
Type domain.Pronostic is not enhanced.

[2022-04-04 13:01:37 #6 type] 
Type domain.Bet is not enhanced.

------------------------------------------------------------------------------------------------------------------------

[2022-04-04 13:02:14 #1 store] 
Database '/home/artiom/git/Bets21/src/main/resources/bets.temp' is opened by 7837@Artioms-Laptop

[2022-04-04 13:02:15 #2 type] 
Type domain.Question is not enhanced.

[2022-04-04 13:02:15 #3 type] 
Type domain.Event is not enhanced.

[2022-04-04 13:02:15 #4 type] 
Type domain.User is not enhanced.

[2022-04-04 13:02:15 #5 type] 
Type domain.Pronostic is not enhanced.

[2022-04-04 13:02:15 #6 type] 
Type domain.Bet is not enhanced.

------------------------------------------------------------------------------------------------------------------------

[2022-04-04 13:03:09 #1 store] 
Database '/home/artiom/git/Bets21/src/main/resources/bets.temp' is opened by 7962@Artioms-Laptop

[2022-04-04 13:03:10 #2 type] 
Type domain.Question is not enhanced.

[2022-04-04 13:03:10 #3 type] 
Type domain.Event is not enhanced.

[2022-04-04 13:03:10 #4 type] 
Type domain.User is not enhanced.

[2022-04-04 13:03:10 #5 type] 
Type domain.Pronostic is not enhanced.

[2022-04-04 13:03:10 #6 type] 
Type domain.Bet is not enhanced.

------------------------------------------------------------------------------------------------------------------------

[2022-04-04 13:03:17 #1 store] 
Database '/home/artiom/git/Bets21/src/main/resources/bets.temp' is opened by 8009@Artioms-Laptop

[2022-04-04 13:03:17 #2 type] 
Type domain.Question is not enhanced.

[2022-04-04 13:03:17 #3 type] 
Type domain.Event is not enhanced.

[2022-04-04 13:03:17 #4 type] 
Type domain.User is not enhanced.

[2022-04-04 13:03:17 #5 type] 
Type domain.Pronostic is not enhanced.

[2022-04-04 13:03:17 #6 type] 
Type domain.Bet is not enhanced.

------------------------------------------------------------------------------------------------------------------------

[2022-04-04 13:03:39 #1 store] 
Database '/home/artiom/git/Bets21/src/main/resources/bets.temp' is opened by 8068@Artioms-Laptop

[2022-04-04 13:03:40 #2 type] 
Type domain.Question is not enhanced.

[2022-04-04 13:03:40 #3 type] 
Type domain.Event is not enhanced.

[2022-04-04 13:03:40 #4 type] 
Type domain.User is not enhanced.

[2022-04-04 13:03:40 #5 type] 
Type domain.Pronostic is not enhanced.

[2022-04-04 13:03:40 #6 type] 
Type domain.Bet is not enhanced.

------------------------------------------------------------------------------------------------------------------------

[2022-04-04 13:37:53 #1 store] 
Database '/home/artiom/git/Bets21/src/main/resources/bets.temp' is opened by 12138@Artioms-Laptop

[2022-04-04 13:37:53 #2 type] 
Type domain.Question is not enhanced.

[2022-04-04 13:37:53 #3 type] 
Type domain.Event is not enhanced.

[2022-04-04 13:37:53 #4 type] 
Type domain.User is not enhanced.

[2022-04-04 13:37:53 #5 type.registry] 
New type java.util.ArrayList<java.lang.Integer>

[2022-04-04 13:37:53 #6 type] 
Type domain.Pronostic is not enhanced.

[2022-04-04 13:37:53 #7 type] 
Type domain.Bet is not enhanced.

[2022-04-04 13:38:13 #8 type.registry] 
New type java.util.ArrayList<java.lang.Object>

------------------------------------------------------------------------------------------------------------------------

[2022-04-04 13:43:45 #1 store] 
Database '/home/artiom/git/Bets21/src/main/resources/bets.temp' has been recovered (tr. 29-31)

[2022-04-04 13:43:45 #2 store] 
Database '/home/artiom/git/Bets21/src/main/resources/bets.temp' is opened by 12881@Artioms-Laptop

[2022-04-04 13:43:45 #3 type] 
Type domain.Question is not enhanced.

[2022-04-04 13:43:45 #4 type] 
Type domain.Event is not enhanced.

[2022-04-04 13:43:45 #5 type] 
Type domain.User is not enhanced.

[2022-04-04 13:43:45 #6 type] 
Type domain.Pronostic is not enhanced.

[2022-04-04 13:43:45 #7 type] 
Type domain.Bet is not enhanced.

------------------------------------------------------------------------------------------------------------------------

[2022-04-04 13:43:59 #1 store] 
Database '/home/artiom/git/Bets21/src/main/resources/bets.temp' is opened by 12933@Artioms-Laptop

[2022-04-04 13:43:59 #2 type] 
Type domain.Question is not enhanced.

[2022-04-04 13:43:59 #3 type] 
Type domain.Event is not enhanced.

[2022-04-04 13:43:59 #4 type] 
Type domain.User is not enhanced.

[2022-04-04 13:43:59 #5 type] 
Type domain.Pronostic is not enhanced.

[2022-04-04 13:43:59 #6 type] 
Type domain.Bet is not enhanced.

------------------------------------------------------------------------------------------------------------------------

[2022-04-04 17:47:50 #1 store] 
Database '/home/artiom/git/Bets21/src/main/resources/bets.temp' is opened by 22660@Artioms-Laptop

[2022-04-04 17:47:50 #2 type] 
Type domain.Question is not enhanced.

[2022-04-04 17:47:50 #3 type] 
Type domain.Event is not enhanced.

[2022-04-04 17:47:50 #4 type] 
Type domain.User is not enhanced.

[2022-04-04 17:47:50 #5 type] 
Type domain.Pronostic is not enhanced.

[2022-04-04 17:47:50 #6 type] 
Type domain.Bet is not enhanced.

------------------------------------------------------------------------------------------------------------------------

[2022-04-04 17:49:27 #1 store] 
Database '/home/artiom/git/Bets21/src/main/resources/bets.temp' is opened by 22862@Artioms-Laptop

[2022-04-04 17:49:27 #2 type] 
Type domain.Question is not enhanced.

[2022-04-04 17:49:27 #3 type] 
Type domain.Event is not enhanced.

[2022-04-04 17:49:27 #4 type] 
Type domain.User is not enhanced.

[2022-04-04 17:49:27 #5 type] 
Type domain.Pronostic is not enhanced.

[2022-04-04 17:49:27 #6 type] 
Type domain.Bet is not enhanced.

------------------------------------------------------------------------------------------------------------------------

[2022-04-04 17:49:42 #1 store] 
Database '/home/artiom/git/Bets21/src/main/resources/bets.temp' is opened by 22927@Artioms-Laptop

[2022-04-04 17:49:42 #2 type] 
Type domain.Question is not enhanced.

[2022-04-04 17:49:42 #3 type] 
Type domain.Event is not enhanced.

[2022-04-04 17:49:42 #4 type] 
Type domain.User is not enhanced.

[2022-04-04 17:49:42 #5 type] 
Type domain.Pronostic is not enhanced.

[2022-04-04 17:49:42 #6 type] 
Type domain.Bet is not enhanced.

------------------------------------------------------------------------------------------------------------------------

[2022-04-04 17:49:52 #1 store] 
Database '/home/artiom/git/Bets21/src/main/resources/bets.temp' is opened by 23003@Artioms-Laptop

[2022-04-04 17:49:52 #2 type] 
Type domain.Question is not enhanced.

[2022-04-04 17:49:52 #3 type] 
Type domain.Event is not enhanced.

[2022-04-04 17:49:52 #4 type] 
Type domain.User is not enhanced.

[2022-04-04 17:49:52 #5 type] 
Type domain.Pronostic is not enhanced.

[2022-04-04 17:49:52 #6 type] 
Type domain.Bet is not enhanced.

------------------------------------------------------------------------------------------------------------------------

[2022-04-04 17:53:36 #1 store] 
Database '/home/artiom/git/Bets21/src/main/resources/bets.temp' is opened by 23595@Artioms-Laptop

[2022-04-04 17:53:36 #2 type] 
Type domain.Question is not enhanced.

[2022-04-04 17:53:36 #3 type] 
Type domain.Event is not enhanced.

[2022-04-04 17:53:36 #4 type] 
Type domain.User is not enhanced.

[2022-04-04 17:53:36 #5 type] 
Type domain.Pronostic is not enhanced.

[2022-04-04 17:53:36 #6 type] 
Type domain.Bet is not enhanced.

------------------------------------------------------------------------------------------------------------------------

[2022-04-04 17:54:15 #1 store] 
Database '/home/artiom/git/Bets21/src/main/resources/bets.temp' is opened by 23688@Artioms-Laptop

[2022-04-04 17:54:15 #2 type] 
Type domain.Question is not enhanced.

[2022-04-04 17:54:15 #3 type] 
Type domain.Event is not enhanced.

[2022-04-04 17:54:15 #4 type] 
Type domain.User is not enhanced.

[2022-04-04 17:54:15 #5 type] 
Type domain.Pronostic is not enhanced.

[2022-04-04 17:54:15 #6 type] 
Type domain.Bet is not enhanced.

------------------------------------------------------------------------------------------------------------------------

[2022-04-04 17:56:31 #1 store] 
Database '/home/artiom/git/Bets21/src/main/resources/bets.temp' is opened by 24028@Artioms-Laptop

[2022-04-04 17:56:31 #2 type] 
Type domain.Question is not enhanced.

[2022-04-04 17:56:31 #3 type] 
Type domain.Event is not enhanced.

[2022-04-04 17:56:31 #4 type] 
Type domain.User is not enhanced.

[2022-04-04 17:56:31 #5 type] 
Type domain.Pronostic is not enhanced.

[2022-04-04 17:56:31 #6 type] 
Type domain.Bet is not enhanced.

------------------------------------------------------------------------------------------------------------------------

[2022-04-04 17:57:40 #1 store] 
Database '/home/artiom/git/Bets21/src/main/resources/bets.temp' is opened by 24197@Artioms-Laptop

[2022-04-04 17:57:40 #2 type] 
Type domain.Question is not enhanced.

[2022-04-04 17:57:40 #3 type] 
Type domain.Event is not enhanced.

[2022-04-04 17:57:40 #4 type] 
Type domain.User is not enhanced.

[2022-04-04 17:57:40 #5 type] 
Type domain.Pronostic is not enhanced.

[2022-04-04 17:57:40 #6 type] 
Type domain.Bet is not enhanced.

------------------------------------------------------------------------------------------------------------------------

[2022-04-04 18:10:12 #1 store] 
Database '/home/artiom/git/Bets21/src/main/resources/bets.temp' is opened by 25963@Artioms-Laptop

[2022-04-04 18:10:12 #2 type] 
Type domain.Question is not enhanced.

[2022-04-04 18:10:12 #3 type] 
Type domain.Event is not enhanced.

[2022-04-04 18:10:12 #4 type] 
Type domain.User is not enhanced.

[2022-04-04 18:10:12 #5 type] 
Type domain.Pronostic is not enhanced.

[2022-04-04 18:10:12 #6 type] 
Type domain.Bet is not enhanced.

------------------------------------------------------------------------------------------------------------------------

[2022-04-04 18:10:56 #1 store] 
Database '/home/artiom/git/Bets21/src/main/resources/bets.temp' is opened by 26137@Artioms-Laptop

[2022-04-04 18:10:56 #2 type] 
Type domain.Question is not enhanced.

[2022-04-04 18:10:56 #3 type] 
Type domain.Event is not enhanced.

[2022-04-04 18:10:56 #4 type] 
Type domain.User is not enhanced.

[2022-04-04 18:10:56 #5 type] 
Type domain.Pronostic is not enhanced.

[2022-04-04 18:10:56 #6 type] 
Type domain.Bet is not enhanced.

------------------------------------------------------------------------------------------------------------------------

[2022-04-04 18:11:36 #1 store] 
Database '/home/artiom/git/Bets21/src/main/resources/bets.temp' is opened by 26276@Artioms-Laptop

[2022-04-04 18:11:36 #2 type] 
Type domain.Question is not enhanced.

[2022-04-04 18:11:36 #3 type] 
Type domain.Event is not enhanced.

[2022-04-04 18:11:36 #4 type] 
Type domain.User is not enhanced.

[2022-04-04 18:11:36 #5 type] 
Type domain.Pronostic is not enhanced.

[2022-04-04 18:11:36 #6 type] 
Type domain.Bet is not enhanced.

------------------------------------------------------------------------------------------------------------------------

[2022-04-04 18:12:47 #1 store] 
Database '/home/artiom/git/Bets21/src/main/resources/bets.temp' is opened by 26456@Artioms-Laptop

[2022-04-04 18:12:47 #2 type] 
Type domain.Question is not enhanced.

[2022-04-04 18:12:47 #3 type] 
Type domain.Event is not enhanced.

[2022-04-04 18:12:47 #4 type] 
Type domain.User is not enhanced.

[2022-04-04 18:12:47 #5 type] 
Type domain.Pronostic is not enhanced.

[2022-04-04 18:12:47 #6 type] 
Type domain.Bet is not enhanced.

------------------------------------------------------------------------------------------------------------------------

[2022-04-04 18:13:08 #1 store] 
Database '/home/artiom/git/Bets21/src/main/resources/bets.temp' is opened by 26537@Artioms-Laptop

[2022-04-04 18:13:08 #2 type] 
Type domain.Question is not enhanced.

[2022-04-04 18:13:08 #3 type] 
Type domain.Event is not enhanced.

[2022-04-04 18:13:08 #4 type] 
Type domain.User is not enhanced.

[2022-04-04 18:13:08 #5 type] 
Type domain.Pronostic is not enhanced.

[2022-04-04 18:13:08 #6 type] 
Type domain.Bet is not enhanced.

------------------------------------------------------------------------------------------------------------------------

[2022-04-04 18:15:36 #1 store] 
Database '/home/artiom/git/Bets21/src/main/resources/bets.temp' is opened by 26989@Artioms-Laptop

[2022-04-04 18:15:36 #2 type] 
Type domain.Question is not enhanced.

[2022-04-04 18:15:36 #3 type] 
Type domain.Event is not enhanced.

[2022-04-04 18:15:36 #4 type] 
Type domain.User is not enhanced.

[2022-04-04 18:15:36 #5 type] 
Type domain.Pronostic is not enhanced.

[2022-04-04 18:15:36 #6 type] 
Type domain.Bet is not enhanced.

------------------------------------------------------------------------------------------------------------------------

[2022-04-04 18:16:48 #1 store] 
Database '/home/artiom/git/Bets21/src/main/resources/bets.temp' is opened by 27214@Artioms-Laptop

[2022-04-04 18:16:48 #2 type] 
Type domain.Question is not enhanced.

[2022-04-04 18:16:48 #3 type] 
Type domain.Event is not enhanced.

[2022-04-04 18:16:48 #4 type] 
Type domain.User is not enhanced.

[2022-04-04 18:16:48 #5 type] 
Type domain.Pronostic is not enhanced.

[2022-04-04 18:16:48 #6 type] 
Type domain.Bet is not enhanced.

------------------------------------------------------------------------------------------------------------------------

[2022-04-04 18:17:24 #1 store] 
Database '/home/artiom/git/Bets21/src/main/resources/bets.temp' is opened by 27322@Artioms-Laptop

[2022-04-04 18:17:24 #2 type] 
Type domain.Question is not enhanced.

[2022-04-04 18:17:24 #3 type] 
Type domain.Event is not enhanced.

[2022-04-04 18:17:24 #4 type] 
Type domain.User is not enhanced.

[2022-04-04 18:17:24 #5 type] 
Type domain.Pronostic is not enhanced.

[2022-04-04 18:17:24 #6 type] 
Type domain.Bet is not enhanced.

------------------------------------------------------------------------------------------------------------------------

[2022-04-04 18:40:08 #1 store] 
Database '/home/artiom/git/Bets21/src/main/resources/bets.temp' is opened by 29954@Artioms-Laptop

[2022-04-04 18:40:08 #2 type] 
Type domain.Question is not enhanced.

[2022-04-04 18:40:08 #3 type] 
Type domain.Event is not enhanced.

[2022-04-04 18:40:08 #4 type] 
Type domain.User is not enhanced.

[2022-04-04 18:40:08 #5 type] 
Type domain.Pronostic is not enhanced.

[2022-04-04 18:40:08 #6 type] 
Type domain.Bet is not enhanced.

------------------------------------------------------------------------------------------------------------------------

[2022-04-04 18:45:12 #1 store] 
Database '/home/artiom/git/Bets21/src/main/resources/bets.temp' is opened by 30517@Artioms-Laptop

[2022-04-04 18:45:12 #2 type] 
Type domain.Question is not enhanced.

[2022-04-04 18:45:12 #3 type] 
Type domain.Event is not enhanced.

[2022-04-04 18:45:12 #4 type] 
Type domain.User is not enhanced.

[2022-04-04 18:45:12 #5 type] 
Type domain.Pronostic is not enhanced.

[2022-04-04 18:45:12 #6 type] 
Type domain.Bet is not enhanced.

------------------------------------------------------------------------------------------------------------------------

[2022-04-04 18:45:40 #1 store] 
Database '/home/artiom/git/Bets21/src/main/resources/bets.temp' is opened by 30597@Artioms-Laptop

[2022-04-04 18:45:40 #2 type] 
Type domain.Question is not enhanced.

[2022-04-04 18:45:40 #3 type] 
Type domain.Event is not enhanced.

[2022-04-04 18:45:40 #4 type] 
Type domain.User is not enhanced.

[2022-04-04 18:45:40 #5 type] 
Type domain.Pronostic is not enhanced.

[2022-04-04 18:45:40 #6 type] 
Type domain.Bet is not enhanced.

------------------------------------------------------------------------------------------------------------------------

[2022-04-04 18:53:17 #1 store] 
Database '/home/artiom/git/Bets21/src/main/resources/bets.temp' is opened by 31846@Artioms-Laptop

[2022-04-04 18:53:17 #2 type] 
Type domain.Question is not enhanced.

[2022-04-04 18:53:17 #3 type] 
Type domain.Event is not enhanced.

[2022-04-04 18:53:17 #4 type] 
Type domain.User is not enhanced.

[2022-04-04 18:53:17 #5 type] 
Type domain.Pronostic is not enhanced.

[2022-04-04 18:53:17 #6 type] 
Type domain.Bet is not enhanced.

------------------------------------------------------------------------------------------------------------------------

[2022-04-04 18:55:23 #1 store] 
Database '/home/artiom/git/Bets21/src/main/resources/bets.temp' is opened by 32179@Artioms-Laptop

[2022-04-04 18:55:23 #2 type] 
Type domain.Question is not enhanced.

[2022-04-04 18:55:23 #3 type] 
Type domain.Event is not enhanced.

[2022-04-04 18:55:23 #4 type] 
Type domain.User is not enhanced.

[2022-04-04 18:55:23 #5 type] 
Type domain.Pronostic is not enhanced.

[2022-04-04 18:55:23 #6 type] 
Type domain.Bet is not enhanced.

------------------------------------------------------------------------------------------------------------------------

[2022-04-04 18:56:04 #1 store] 
Database '/home/artiom/git/Bets21/src/main/resources/bets.temp' has been recovered (tr. 33-33)

[2022-04-04 18:56:04 #2 store] 
Database '/home/artiom/git/Bets21/src/main/resources/bets.temp' is opened by 32253@Artioms-Laptop

[2022-04-04 18:56:04 #3 type] 
Type domain.Question is not enhanced.

[2022-04-04 18:56:04 #4 type] 
Type domain.Event is not enhanced.

[2022-04-04 18:56:04 #5 type] 
Type domain.User is not enhanced.

[2022-04-04 18:56:04 #6 type] 
Type domain.Pronostic is not enhanced.

[2022-04-04 18:56:04 #7 type] 
Type domain.Bet is not enhanced.

------------------------------------------------------------------------------------------------------------------------

[2022-04-04 19:04:56 #1 store] 
Database '/home/artiom/git/Bets21/src/main/resources/bets.temp' has been recovered (tr. 34-34)

[2022-04-04 19:04:56 #2 store] 
Database '/home/artiom/git/Bets21/src/main/resources/bets.temp' is opened by 33204@Artioms-Laptop

[2022-04-04 19:04:56 #3 type] 
Type domain.Question is not enhanced.

[2022-04-04 19:04:56 #4 type] 
Type domain.Event is not enhanced.

[2022-04-04 19:04:56 #5 type] 
Type domain.User is not enhanced.

[2022-04-04 19:04:56 #6 type] 
Type domain.Pronostic is not enhanced.

[2022-04-04 19:04:56 #7 type] 
Type domain.Bet is not enhanced.

------------------------------------------------------------------------------------------------------------------------

[2022-04-04 19:05:32 #1 store] 
Database '/home/artiom/git/Bets21/src/main/resources/bets.temp' is opened by 33358@Artioms-Laptop

[2022-04-04 19:05:32 #2 type] 
Type domain.Question is not enhanced.

[2022-04-04 19:05:32 #3 type] 
Type domain.Event is not enhanced.

[2022-04-04 19:05:32 #4 type] 
Type domain.User is not enhanced.

[2022-04-04 19:05:32 #5 type] 
Type domain.Pronostic is not enhanced.

[2022-04-04 19:05:32 #6 type] 
Type domain.Bet is not enhanced.

------------------------------------------------------------------------------------------------------------------------

[2022-04-04 19:06:45 #1 store] 
Database '/home/artiom/git/Bets21/src/main/resources/bets.temp' is opened by 33512@Artioms-Laptop

[2022-04-04 19:06:45 #2 type] 
Type domain.Question is not enhanced.

[2022-04-04 19:06:45 #3 type] 
Type domain.Event is not enhanced.

[2022-04-04 19:06:45 #4 type] 
Type domain.User is not enhanced.

[2022-04-04 19:06:45 #5 type] 
Type domain.Pronostic is not enhanced.

[2022-04-04 19:06:45 #6 type] 
Type domain.Bet is not enhanced.

------------------------------------------------------------------------------------------------------------------------

[2022-04-04 19:07:43 #1 store] 
Database '/home/artiom/git/Bets21/src/main/resources/bets.temp' has been recovered (tr. 35-35)

[2022-04-04 19:07:43 #2 store] 
Database '/home/artiom/git/Bets21/src/main/resources/bets.temp' is opened by 33619@Artioms-Laptop

[2022-04-04 19:07:43 #3 type] 
Type domain.Question is not enhanced.

[2022-04-04 19:07:43 #4 type] 
Type domain.Event is not enhanced.

[2022-04-04 19:07:43 #5 type] 
Type domain.User is not enhanced.

[2022-04-04 19:07:43 #6 type] 
Type domain.Pronostic is not enhanced.

[2022-04-04 19:07:43 #7 type] 
Type domain.Bet is not enhanced.

------------------------------------------------------------------------------------------------------------------------

[2022-04-04 19:09:08 #1 store] 
Database '/home/artiom/git/Bets21/src/main/resources/bets.temp' has been recovered (tr. 36-36)

[2022-04-04 19:09:08 #2 store] 
Database '/home/artiom/git/Bets21/src/main/resources/bets.temp' is opened by 33765@Artioms-Laptop

[2022-04-04 19:09:08 #3 type] 
Type domain.Question is not enhanced.

[2022-04-04 19:09:08 #4 type] 
Type domain.Event is not enhanced.

[2022-04-04 19:09:08 #5 type] 
Type domain.User is not enhanced.

[2022-04-04 19:09:08 #6 type] 
Type domain.Pronostic is not enhanced.

[2022-04-04 19:09:08 #7 type] 
Type domain.Bet is not enhanced.

------------------------------------------------------------------------------------------------------------------------

[2022-04-04 19:15:04 #1 store] 
Database '/home/artiom/git/Bets21/src/main/resources/bets.temp' has been recovered (tr. 37-37)

[2022-04-04 19:15:04 #2 store] 
Database '/home/artiom/git/Bets21/src/main/resources/bets.temp' is opened by 34479@Artioms-Laptop

[2022-04-04 19:15:04 #3 type] 
Type domain.Question is not enhanced.

[2022-04-04 19:15:04 #4 type] 
Type domain.Event is not enhanced.

[2022-04-04 19:15:04 #5 type] 
Type domain.User is not enhanced.

[2022-04-04 19:15:04 #6 type] 
Type domain.Pronostic is not enhanced.

[2022-04-04 19:15:04 #7 type] 
Type domain.Bet is not enhanced.

------------------------------------------------------------------------------------------------------------------------

[2022-04-04 19:17:56 #1 store] 
Database '/home/artiom/git/Bets21/src/main/resources/bets.temp' has been recovered (tr. 38-38)

[2022-04-04 19:17:56 #2 store] 
Database '/home/artiom/git/Bets21/src/main/resources/bets.temp' is opened by 34745@Artioms-Laptop

[2022-04-04 19:17:56 #3 type] 
Type domain.Question is not enhanced.

[2022-04-04 19:17:56 #4 type] 
Type domain.Event is not enhanced.

[2022-04-04 19:17:56 #5 type] 
Type domain.User is not enhanced.

[2022-04-04 19:17:56 #6 type] 
Type domain.Pronostic is not enhanced.

[2022-04-04 19:17:56 #7 type] 
Type domain.Bet is not enhanced.

------------------------------------------------------------------------------------------------------------------------

[2022-04-04 19:18:42 #1 store] 
Database '/home/artiom/git/Bets21/src/main/resources/bets.temp' has been recovered (tr. 39-39)

[2022-04-04 19:18:42 #2 store] 
Database '/home/artiom/git/Bets21/src/main/resources/bets.temp' is opened by 34849@Artioms-Laptop

[2022-04-04 19:18:42 #3 type] 
Type domain.Question is not enhanced.

[2022-04-04 19:18:42 #4 type] 
Type domain.Event is not enhanced.

[2022-04-04 19:18:42 #5 type] 
Type domain.User is not enhanced.

[2022-04-04 19:18:42 #6 type] 
Type domain.Pronostic is not enhanced.

[2022-04-04 19:18:42 #7 type] 
Type domain.Bet is not enhanced.

------------------------------------------------------------------------------------------------------------------------

[2022-04-04 19:20:01 #1 store] 
Database '/home/artiom/git/Bets21/src/main/resources/bets.temp' has been recovered (tr. 40-41)

[2022-04-04 19:20:01 #2 store] 
Database '/home/artiom/git/Bets21/src/main/resources/bets.temp' is opened by 35037@Artioms-Laptop

[2022-04-04 19:20:01 #3 type] 
Type domain.Question is not enhanced.

[2022-04-04 19:20:01 #4 type] 
Type domain.Event is not enhanced.

[2022-04-04 19:20:01 #5 type] 
Type domain.User is not enhanced.

[2022-04-04 19:20:01 #6 type] 
Type domain.Pronostic is not enhanced.

[2022-04-04 19:20:01 #7 type] 
Type domain.Bet is not enhanced.

------------------------------------------------------------------------------------------------------------------------

[2022-04-04 19:24:38 #1 store] 
Database '/home/artiom/git/Bets21/src/main/resources/bets.temp' has been recovered (tr. 42-43)

[2022-04-04 19:24:38 #2 store] 
Database '/home/artiom/git/Bets21/src/main/resources/bets.temp' is opened by 37640@Artioms-Laptop

[2022-04-04 19:24:38 #3 type] 
Type domain.Question is not enhanced.

[2022-04-04 19:24:38 #4 type] 
Type domain.Event is not enhanced.

[2022-04-04 19:24:38 #5 type] 
Type domain.User is not enhanced.

[2022-04-04 19:24:38 #6 type] 
Type domain.Pronostic is not enhanced.

[2022-04-04 19:24:38 #7 type] 
Type domain.Bet is not enhanced.

------------------------------------------------------------------------------------------------------------------------

[2022-04-04 19:48:30 #1 store] 
Database '/home/artiom/git/Bets21/src/main/resources/bets.temp' has been recovered (tr. 44-44)

[2022-04-04 19:48:30 #2 store] 
Database '/home/artiom/git/Bets21/src/main/resources/bets.temp' is opened by 40735@Artioms-Laptop

[2022-04-04 19:48:30 #3 type] 
Type domain.Question is not enhanced.

[2022-04-04 19:48:30 #4 type] 
Type domain.Event is not enhanced.

[2022-04-04 19:48:30 #5 type] 
Type domain.User is not enhanced.

[2022-04-04 19:48:30 #6 type] 
Type domain.Pronostic is not enhanced.

[2022-04-04 19:48:30 #7 type] 
Type domain.Bet is not enhanced.

------------------------------------------------------------------------------------------------------------------------

[2022-04-04 19:53:32 #1 store] 
Database '/home/artiom/git/Bets21/src/main/resources/bets.temp' has been recovered (tr. 45-45)

[2022-04-04 19:53:32 #2 store] 
Database '/home/artiom/git/Bets21/src/main/resources/bets.temp' is opened by 41372@Artioms-Laptop

[2022-04-04 19:53:32 #3 type] 
Type domain.Question is not enhanced.

[2022-04-04 19:53:32 #4 type] 
Type domain.Event is not enhanced.

[2022-04-04 19:53:32 #5 type] 
Type domain.User is not enhanced.

[2022-04-04 19:53:32 #6 type] 
Type domain.Pronostic is not enhanced.

[2022-04-04 19:53:32 #7 type] 
Type domain.Bet is not enhanced.

------------------------------------------------------------------------------------------------------------------------

[2022-04-04 19:55:42 #1 store] 
Database '/home/artiom/git/Bets21/src/main/resources/bets.temp' is opened by 41700@Artioms-Laptop

[2022-04-04 19:55:43 #2 type] 
Type domain.Question is not enhanced.

[2022-04-04 19:55:43 #3 type] 
Type domain.Event is not enhanced.

[2022-04-04 19:55:43 #4 type] 
Type domain.User is not enhanced.

[2022-04-04 19:55:43 #5 type] 
Type domain.Pronostic is not enhanced.

[2022-04-04 19:55:43 #6 type] 
Type domain.Bet is not enhanced.

------------------------------------------------------------------------------------------------------------------------

[2022-04-04 19:57:13 #1 store] 
Database '/home/artiom/git/Bets21/src/main/resources/bets.temp' has been recovered (tr. 46-47)

[2022-04-04 19:57:13 #2 store] 
Database '/home/artiom/git/Bets21/src/main/resources/bets.temp' is opened by 41860@Artioms-Laptop

[2022-04-04 19:57:13 #3 type] 
Type domain.Question is not enhanced.

[2022-04-04 19:57:13 #4 type] 
Type domain.Event is not enhanced.

[2022-04-04 19:57:13 #5 type] 
Type domain.User is not enhanced.

[2022-04-04 19:57:13 #6 type] 
Type domain.Pronostic is not enhanced.

[2022-04-04 19:57:13 #7 type] 
Type domain.Bet is not enhanced.

------------------------------------------------------------------------------------------------------------------------

[2022-04-04 19:58:42 #1 store] 
Database '/home/artiom/git/Bets21/src/main/resources/bets.temp' has been recovered (tr. 48-48)

[2022-04-04 19:58:42 #2 store] 
Database '/home/artiom/git/Bets21/src/main/resources/bets.temp' is opened by 42022@Artioms-Laptop

[2022-04-04 19:58:42 #3 type] 
Type domain.Question is not enhanced.

[2022-04-04 19:58:42 #4 type] 
Type domain.Event is not enhanced.

[2022-04-04 19:58:42 #5 type] 
Type domain.User is not enhanced.

[2022-04-04 19:58:42 #6 type] 
Type domain.Pronostic is not enhanced.

[2022-04-04 19:58:42 #7 type] 
Type domain.Bet is not enhanced.

------------------------------------------------------------------------------------------------------------------------

[2022-04-04 20:00:34 #1 store] 
Database '/home/artiom/git/Bets21/src/main/resources/bets.temp' has been recovered (tr. 49-49)

[2022-04-04 20:00:34 #2 store] 
Database '/home/artiom/git/Bets21/src/main/resources/bets.temp' is opened by 42340@Artioms-Laptop

[2022-04-04 20:00:34 #3 type] 
Type domain.Question is not enhanced.

[2022-04-04 20:00:34 #4 type] 
Type domain.Event is not enhanced.

[2022-04-04 20:00:34 #5 type] 
Type domain.User is not enhanced.

[2022-04-04 20:00:34 #6 type] 
Type domain.Pronostic is not enhanced.

[2022-04-04 20:00:34 #7 type] 
Type domain.Bet is not enhanced.

------------------------------------------------------------------------------------------------------------------------

[2022-04-04 20:02:42 #1 store] 
Database '/home/artiom/git/Bets21/src/main/resources/bets.temp' has been recovered (tr. 50-50)

[2022-04-04 20:02:42 #2 store] 
Database '/home/artiom/git/Bets21/src/main/resources/bets.temp' is opened by 42633@Artioms-Laptop

[2022-04-04 20:02:42 #3 type] 
Type domain.Question is not enhanced.

[2022-04-04 20:02:42 #4 type] 
Type domain.Event is not enhanced.

[2022-04-04 20:02:42 #5 type] 
Type domain.User is not enhanced.

[2022-04-04 20:02:42 #6 type] 
Type domain.Pronostic is not enhanced.

[2022-04-04 20:02:42 #7 type] 
Type domain.Bet is not enhanced.

------------------------------------------------------------------------------------------------------------------------

[2022-04-04 20:04:43 #1 store] 
Database '/home/artiom/git/Bets21/src/main/resources/bets.temp' has been recovered (tr. 51-52)

[2022-04-04 20:04:43 #2 store] 
Database '/home/artiom/git/Bets21/src/main/resources/bets.temp' is opened by 42829@Artioms-Laptop

[2022-04-04 20:04:44 #3 type] 
Type domain.Question is not enhanced.

[2022-04-04 20:04:44 #4 type] 
Type domain.Event is not enhanced.

[2022-04-04 20:04:44 #5 type] 
Type domain.User is not enhanced.

[2022-04-04 20:04:44 #6 type] 
Type domain.Pronostic is not enhanced.

[2022-04-04 20:04:44 #7 type] 
Type domain.Bet is not enhanced.

------------------------------------------------------------------------------------------------------------------------

[2022-04-04 20:05:35 #1 store] 
Database '/home/artiom/git/Bets21/src/main/resources/bets.temp' has been recovered (tr. 53-53)

[2022-04-04 20:05:35 #2 store] 
Database '/home/artiom/git/Bets21/src/main/resources/bets.temp' is opened by 43027@Artioms-Laptop

[2022-04-04 20:05:35 #3 type] 
Type domain.Question is not enhanced.

[2022-04-04 20:05:35 #4 type] 
Type domain.Event is not enhanced.

[2022-04-04 20:05:35 #5 type] 
Type domain.User is not enhanced.

[2022-04-04 20:05:35 #6 type] 
Type domain.Pronostic is not enhanced.

[2022-04-04 20:05:35 #7 type] 
Type domain.Bet is not enhanced.

------------------------------------------------------------------------------------------------------------------------

[2022-04-04 20:07:09 #1 store] 
Database '/home/artiom/git/Bets21/src/main/resources/bets.temp' has been recovered (tr. 54-55)

[2022-04-04 20:07:09 #2 store] 
Database '/home/artiom/git/Bets21/src/main/resources/bets.temp' is opened by 43228@Artioms-Laptop

[2022-04-04 20:07:09 #3 type] 
Type domain.Question is not enhanced.

[2022-04-04 20:07:09 #4 type] 
Type domain.Event is not enhanced.

[2022-04-04 20:07:09 #5 type] 
Type domain.User is not enhanced.

[2022-04-04 20:07:09 #6 type] 
Type domain.Pronostic is not enhanced.

[2022-04-04 20:07:09 #7 type] 
Type domain.Bet is not enhanced.

------------------------------------------------------------------------------------------------------------------------

[2022-04-04 20:17:42 #1 store] 
Database '/home/artiom/git/Bets21/src/main/resources/bets.temp' is opened by 44184@Artioms-Laptop

[2022-04-04 20:17:42 #2 type] 
Type domain.Question is not enhanced.

[2022-04-04 20:17:42 #3 type] 
Type domain.Event is not enhanced.

[2022-04-04 20:17:42 #4 type] 
Type domain.User is not enhanced.

[2022-04-04 20:17:42 #5 type] 
Type domain.Pronostic is not enhanced.

[2022-04-04 20:17:42 #6 type] 
Type domain.Bet is not enhanced.

------------------------------------------------------------------------------------------------------------------------

[2022-04-04 20:19:45 #1 store] 
Database '/home/artiom/git/Bets21/src/main/resources/bets.temp' has been recovered (tr. 56-57)

[2022-04-04 20:19:45 #2 store] 
Database '/home/artiom/git/Bets21/src/main/resources/bets.temp' is opened by 44395@Artioms-Laptop

[2022-04-04 20:19:45 #3 type] 
Type domain.Question is not enhanced.

[2022-04-04 20:19:46 #4 type] 
Type domain.Event is not enhanced.

[2022-04-04 20:19:46 #5 type] 
Type domain.User is not enhanced.

[2022-04-04 20:19:46 #6 type] 
Type domain.Pronostic is not enhanced.

[2022-04-04 20:19:46 #7 type] 
Type domain.Bet is not enhanced.

------------------------------------------------------------------------------------------------------------------------

[2022-04-04 21:05:19 #1 store] 
Database '/home/josue/git/Bets21/src/main/resources/bets.temp' is opened by 2866@josue

[2022-04-04 21:05:19 #2 type] 
Type domain.Question is not enhanced.

[2022-04-04 21:05:19 #3 type] 
Type domain.Event is not enhanced.

[2022-04-04 21:05:19 #4 type] 
Type domain.User is not enhanced.

[2022-04-04 21:05:19 #5 type] 
Type domain.Pronostic is not enhanced.

[2022-04-04 21:05:19 #6 type] 
Type domain.Bet is not enhanced.

------------------------------------------------------------------------------------------------------------------------

[2022-04-04 21:06:18 #1 store] 
Database '/home/josue/git/Bets21/src/main/resources/bets.temp' has been recovered (tr. 56-57)

[2022-04-04 21:06:18 #2 store] 
Database '/home/josue/git/Bets21/src/main/resources/bets.temp' is opened by 3006@josue

[2022-04-04 21:06:19 #3 type] 
Type domain.Question is not enhanced.

[2022-04-04 21:06:19 #4 type] 
Type domain.Event is not enhanced.

[2022-04-04 21:06:19 #5 type] 
Type domain.User is not enhanced.

[2022-04-04 21:06:19 #6 type] 
Type domain.Pronostic is not enhanced.

[2022-04-04 21:06:19 #7 type] 
Type domain.Bet is not enhanced.

------------------------------------------------------------------------------------------------------------------------

[2022-04-04 21:31:26 #1 store] 
Database '/home/josue/git/Bets21/src/main/resources/bets.temp' has been recovered (tr. 58-59)

[2022-04-04 21:31:26 #2 store] 
Database '/home/josue/git/Bets21/src/main/resources/bets.temp' is opened by 4513@josue

[2022-04-04 21:31:27 #3 type] 
Type domain.Question is not enhanced.

[2022-04-04 21:31:27 #4 type] 
Type domain.Event is not enhanced.

[2022-04-04 21:31:27 #5 type] 
Type domain.User is not enhanced.

[2022-04-04 21:31:27 #6 type] 
Type domain.Pronostic is not enhanced.

[2022-04-04 21:31:27 #7 type] 
Type domain.Bet is not enhanced.

------------------------------------------------------------------------------------------------------------------------

[2022-04-04 21:32:31 #1 store] 
Database '/home/josue/git/Bets21/src/main/resources/bets.temp' is opened by 4588@josue

[2022-04-04 21:32:32 #2 type] 
Type domain.Question is not enhanced.

[2022-04-04 21:32:32 #3 type] 
Type domain.Event is not enhanced.

[2022-04-04 21:32:32 #4 type] 
Type domain.User is not enhanced.

[2022-04-04 21:32:32 #5 type] 
Type domain.Pronostic is not enhanced.

[2022-04-04 21:32:32 #6 type] 
Type domain.Bet is not enhanced.

------------------------------------------------------------------------------------------------------------------------

[2022-04-04 21:35:31 #1 store] 
Database '/home/josue/git/Bets21/src/main/resources/bets.temp' is opened by 4716@josue

[2022-04-04 21:35:31 #2 type] 
Type domain.Question is not enhanced.

[2022-04-04 21:35:31 #3 type] 
Type domain.Event is not enhanced.

[2022-04-04 21:35:31 #4 type] 
Type domain.User is not enhanced.

[2022-04-04 21:35:31 #5 type] 
Type domain.Pronostic is not enhanced.

[2022-04-04 21:35:31 #6 type] 
Type domain.Bet is not enhanced.

------------------------------------------------------------------------------------------------------------------------

[2022-04-04 21:37:34 #1 store] 
Database '/home/josue/git/Bets21/src/main/resources/bets.temp' is opened by 4845@josue

[2022-04-04 21:37:35 #2 type] 
Type domain.Question is not enhanced.

[2022-04-04 21:37:35 #3 type] 
Type domain.Event is not enhanced.

[2022-04-04 21:37:35 #4 type] 
Type domain.User is not enhanced.

[2022-04-04 21:37:35 #5 type] 
Type domain.Pronostic is not enhanced.

[2022-04-04 21:37:35 #6 type] 
Type domain.Bet is not enhanced.

------------------------------------------------------------------------------------------------------------------------

[2022-04-04 21:58:55 #1 store] 
Database '/home/josue/git/Bets21/src/main/resources/bets.temp' is opened by 5697@josue

[2022-04-04 21:58:56 #2 type] 
Type domain.Question is not enhanced.

[2022-04-04 21:58:56 #3 type] 
Type domain.Event is not enhanced.

[2022-04-04 21:58:56 #4 type] 
Type domain.User is not enhanced.

[2022-04-04 21:58:56 #5 type] 
Type domain.Pronostic is not enhanced.

[2022-04-04 21:58:56 #6 type] 
Type domain.Bet is not enhanced.

------------------------------------------------------------------------------------------------------------------------

[2022-04-04 22:01:20 #1 store] 
Database '/home/josue/git/Bets21/src/main/resources/bets.temp' is opened by 5906@josue

[2022-04-04 22:01:21 #2 type] 
Type domain.Question is not enhanced.

[2022-04-04 22:01:21 #3 type] 
Type domain.Event is not enhanced.

[2022-04-04 22:01:21 #4 type] 
Type domain.User is not enhanced.

[2022-04-04 22:01:21 #5 type] 
Type domain.Pronostic is not enhanced.

[2022-04-04 22:01:21 #6 type] 
Type domain.Bet is not enhanced.

------------------------------------------------------------------------------------------------------------------------

[2022-04-04 22:06:20 #1 store] 
Database '/home/josue/git/Bets21/src/main/resources/bets.temp' is opened by 6476@josue

[2022-04-04 22:06:21 #2 type] 
Type domain.Question is not enhanced.

[2022-04-04 22:06:21 #3 type] 
Type domain.Event is not enhanced.

[2022-04-04 22:06:21 #4 type] 
Type domain.User is not enhanced.

[2022-04-04 22:06:21 #5 type] 
Type domain.Pronostic is not enhanced.

[2022-04-04 22:06:21 #6 type] 
Type domain.Bet is not enhanced.

------------------------------------------------------------------------------------------------------------------------

[2022-04-04 22:06:50 #1 store] 
Database '/home/josue/git/Bets21/src/main/resources/bets.temp' is opened by 6536@josue

[2022-04-04 22:06:50 #2 type] 
Type domain.Question is not enhanced.

[2022-04-04 22:06:50 #3 type] 
Type domain.Event is not enhanced.

[2022-04-04 22:06:50 #4 type] 
Type domain.User is not enhanced.

[2022-04-04 22:06:50 #5 type] 
Type domain.Pronostic is not enhanced.

[2022-04-04 22:06:50 #6 type] 
Type domain.Bet is not enhanced.

------------------------------------------------------------------------------------------------------------------------

[2022-04-04 22:07:14 #1 store] 
Database '/home/josue/git/Bets21/src/main/resources/bets.temp' is opened by 6582@josue

[2022-04-04 22:07:15 #2 type] 
Type domain.Question is not enhanced.

[2022-04-04 22:07:15 #3 type] 
Type domain.Event is not enhanced.

[2022-04-04 22:07:15 #4 type] 
Type domain.User is not enhanced.

[2022-04-04 22:07:15 #5 type] 
Type domain.Pronostic is not enhanced.

[2022-04-04 22:07:15 #6 type] 
Type domain.Bet is not enhanced.

------------------------------------------------------------------------------------------------------------------------

[2022-04-04 22:07:47 #1 store] 
Database '/home/josue/git/Bets21/src/main/resources/bets.temp' is opened by 6622@josue

[2022-04-04 22:07:47 #2 type] 
Type domain.Question is not enhanced.

[2022-04-04 22:07:47 #3 type] 
Type domain.Event is not enhanced.

[2022-04-04 22:07:47 #4 type] 
Type domain.User is not enhanced.

[2022-04-04 22:07:47 #5 type] 
Type domain.Pronostic is not enhanced.

[2022-04-04 22:07:47 #6 type] 
Type domain.Bet is not enhanced.

------------------------------------------------------------------------------------------------------------------------

[2022-04-04 22:08:24 #1 store] 
Database '/home/josue/git/Bets21/src/main/resources/bets.temp' is opened by 6696@josue

[2022-04-04 22:08:25 #2 type] 
Type domain.Question is not enhanced.

[2022-04-04 22:08:25 #3 type] 
Type domain.Event is not enhanced.

[2022-04-04 22:08:25 #4 type] 
Type domain.User is not enhanced.

[2022-04-04 22:08:25 #5 type] 
Type domain.Pronostic is not enhanced.

[2022-04-04 22:08:25 #6 type] 
Type domain.Bet is not enhanced.

------------------------------------------------------------------------------------------------------------------------

[2022-04-04 22:08:40 #1 store] 
Database '/home/josue/git/Bets21/src/main/resources/bets.temp' is opened by 6763@josue

[2022-04-04 22:08:40 #2 type] 
Type domain.Question is not enhanced.

[2022-04-04 22:08:40 #3 type] 
Type domain.Event is not enhanced.

[2022-04-04 22:08:40 #4 type] 
Type domain.User is not enhanced.

[2022-04-04 22:08:40 #5 type] 
Type domain.Pronostic is not enhanced.

[2022-04-04 22:08:40 #6 type] 
Type domain.Bet is not enhanced.

------------------------------------------------------------------------------------------------------------------------

[2022-04-04 22:11:51 #1 store] 
Database '/home/josue/git/Bets21/src/main/resources/bets.temp' is opened by 6985@josue

[2022-04-04 22:11:52 #2 type] 
Type domain.Question is not enhanced.

[2022-04-04 22:11:52 #3 type] 
Type domain.Event is not enhanced.

[2022-04-04 22:11:52 #4 type] 
Type domain.User is not enhanced.

[2022-04-04 22:11:52 #5 type] 
Type domain.Pronostic is not enhanced.

[2022-04-04 22:11:52 #6 type] 
Type domain.Bet is not enhanced.

------------------------------------------------------------------------------------------------------------------------

[2022-04-04 22:18:49 #1 store] 
Database '/home/josue/git/Bets21/src/main/resources/bets.temp' is opened by 7118@josue

[2022-04-04 22:18:49 #2 type] 
Type domain.Question is not enhanced.

[2022-04-04 22:18:49 #3 type] 
Type domain.Event is not enhanced.

[2022-04-04 22:18:49 #4 type] 
Type domain.User is not enhanced.

[2022-04-04 22:18:49 #5 type] 
Type domain.Pronostic is not enhanced.

[2022-04-04 22:18:49 #6 type] 
Type domain.Bet is not enhanced.

------------------------------------------------------------------------------------------------------------------------

[2022-04-04 22:27:36 #1 store] 
Database '/home/josue/git/Bets21/src/main/resources/bets.temp' is opened by 7472@josue

[2022-04-04 22:27:36 #2 type] 
Type domain.Question is not enhanced.

[2022-04-04 22:27:36 #3 type] 
Type domain.Event is not enhanced.

[2022-04-04 22:27:36 #4 type] 
Type domain.User is not enhanced.

[2022-04-04 22:27:36 #5 type] 
Type domain.Pronostic is not enhanced.

[2022-04-04 22:27:36 #6 type] 
Type domain.Bet is not enhanced.

------------------------------------------------------------------------------------------------------------------------

[2022-04-04 22:32:19 #1 store] 
Database '/home/josue/git/Bets21/src/main/resources/bets.temp' is opened by 7719@josue

[2022-04-04 22:32:19 #2 type] 
Type domain.Question is not enhanced.

[2022-04-04 22:32:19 #3 type] 
Type domain.Event is not enhanced.

[2022-04-04 22:32:19 #4 type] 
Type domain.User is not enhanced.

[2022-04-04 22:32:19 #5 type] 
Type domain.Pronostic is not enhanced.

[2022-04-04 22:32:19 #6 type] 
Type domain.Bet is not enhanced.

------------------------------------------------------------------------------------------------------------------------

[2022-04-04 22:34:02 #1 store] 
Database '/home/josue/git/Bets21/src/main/resources/bets.temp' is opened by 7825@josue

[2022-04-04 22:34:03 #2 type] 
Type domain.Question is not enhanced.

[2022-04-04 22:34:03 #3 type] 
Type domain.Event is not enhanced.

[2022-04-04 22:34:03 #4 type] 
Type domain.User is not enhanced.

[2022-04-04 22:34:03 #5 type] 
Type domain.Pronostic is not enhanced.

[2022-04-04 22:34:03 #6 type] 
Type domain.Bet is not enhanced.

------------------------------------------------------------------------------------------------------------------------

[2022-04-04 22:34:42 #1 store] 
Database '/home/josue/git/Bets21/src/main/resources/bets.temp' is opened by 7882@josue

[2022-04-04 22:34:43 #2 type] 
Type domain.Question is not enhanced.

[2022-04-04 22:34:43 #3 type] 
Type domain.Event is not enhanced.

[2022-04-04 22:34:43 #4 type] 
Type domain.User is not enhanced.

[2022-04-04 22:34:43 #5 type] 
Type domain.Pronostic is not enhanced.

[2022-04-04 22:34:43 #6 type] 
Type domain.Bet is not enhanced.

------------------------------------------------------------------------------------------------------------------------

[2022-04-04 23:27:09 #1 store] 
Database '/home/josue/git/Bets21/src/main/resources/bets.temp' has been recovered (tr. 60-60)

[2022-04-04 23:27:09 #2 store] 
Database '/home/josue/git/Bets21/src/main/resources/bets.temp' is opened by 8540@josue

[2022-04-04 23:27:10 #3 type] 
Type domain.Question is not enhanced.

[2022-04-04 23:27:10 #4 type] 
Type domain.Event is not enhanced.

[2022-04-04 23:27:10 #5 type] 
Type domain.User is not enhanced.

[2022-04-04 23:27:10 #6 type] 
Type domain.Pronostic is not enhanced.

[2022-04-04 23:27:10 #7 type] 
Type domain.Bet is not enhanced.

------------------------------------------------------------------------------------------------------------------------

[2022-04-04 23:39:49 #1 store] 
Database '/home/josue/git/Bets21/src/main/resources/bets.temp' is opened by 8999@josue

[2022-04-04 23:39:50 #2 type] 
Type domain.Question is not enhanced.

[2022-04-04 23:39:50 #3 type] 
Type domain.Event is not enhanced.

[2022-04-04 23:39:50 #4 type] 
Type domain.User is not enhanced.

[2022-04-04 23:39:50 #5 type] 
Type domain.Pronostic is not enhanced.

[2022-04-04 23:39:50 #6 type] 
Type domain.Bet is not enhanced.

------------------------------------------------------------------------------------------------------------------------

[2022-04-04 23:45:41 #1 store] 
Database '/home/josue/git/Bets21/src/main/resources/bets.temp' is opened by 9160@josue

[2022-04-04 23:45:41 #2 type] 
Type domain.Question is not enhanced.

[2022-04-04 23:45:41 #3 type] 
Type domain.Event is not enhanced.

[2022-04-04 23:45:41 #4 type] 
Type domain.User is not enhanced.

[2022-04-04 23:45:41 #5 type] 
Type domain.Pronostic is not enhanced.

[2022-04-04 23:45:41 #6 type] 
Type domain.Bet is not enhanced.

------------------------------------------------------------------------------------------------------------------------

[2022-04-04 23:48:40 #1 store] 
Database '/home/josue/git/Bets21/src/main/resources/bets.temp' is opened by 9269@josue

[2022-04-04 23:48:40 #2 type] 
Type domain.Question is not enhanced.

[2022-04-04 23:48:40 #3 type] 
Type domain.Event is not enhanced.

[2022-04-04 23:48:40 #4 type] 
Type domain.User is not enhanced.

[2022-04-04 23:48:40 #5 type] 
Type domain.Pronostic is not enhanced.

[2022-04-04 23:48:40 #6 type] 
Type domain.Bet is not enhanced.

