------------------------------------------------------------------------------------------------------------------------

[2022-05-03 15:13:08 #1 store] 
Database '/home/artiom/git/3_Maila/SI/bets21/src/main/resources/bets.temp' is opened by 57720@Artioms-Laptop

[2022-05-03 15:13:08 #2 type] 
Type domain.Question is not enhanced.

[2022-05-03 15:13:08 #3 type] 
Type domain.Event is not enhanced.

[2022-05-03 15:13:08 #4 type] 
Type domain.User is not enhanced.

[2022-05-03 15:13:08 #5 type] 
Type domain.Pronostic is not enhanced.

[2022-05-03 15:13:08 #6 type] 
Type domain.Bet is not enhanced.

[2022-05-03 15:13:08 #7 type] 
Type domain.Movement is not enhanced.

------------------------------------------------------------------------------------------------------------------------

[2022-05-03 15:13:45 #1 store] 
Database '/home/artiom/git/3_Maila/SI/bets21/src/main/resources/bets.temp' is opened by 57813@Artioms-Laptop

[2022-05-03 15:13:45 #2 type] 
Type domain.Question is not enhanced.

[2022-05-03 15:13:45 #3 type] 
Type domain.Event is not enhanced.

[2022-05-03 15:13:45 #4 type] 
Type domain.User is not enhanced.

[2022-05-03 15:13:45 #5 type] 
Type domain.Pronostic is not enhanced.

[2022-05-03 15:13:45 #6 type] 
Type domain.Bet is not enhanced.

[2022-05-03 15:13:45 #7 type] 
Type domain.Movement is not enhanced.

------------------------------------------------------------------------------------------------------------------------

[2022-05-03 15:17:14 #1 store] 
Database '/home/artiom/git/3_Maila/SI/bets21/src/main/resources/bets.temp' is opened by 58300@Artioms-Laptop

[2022-05-03 15:17:14 #2 type] 
Type domain.Question is not enhanced.

[2022-05-03 15:17:14 #3 type] 
Type domain.Event is not enhanced.

[2022-05-03 15:17:14 #4 type] 
Type domain.User is not enhanced.

[2022-05-03 15:17:14 #5 type] 
Type domain.Pronostic is not enhanced.

[2022-05-03 15:17:14 #6 type] 
Type domain.Bet is not enhanced.

[2022-05-03 15:17:14 #7 type] 
Type domain.Movement is not enhanced.

------------------------------------------------------------------------------------------------------------------------

[2022-05-03 15:17:22 #1 store] 
Database '/home/artiom/git/3_Maila/SI/bets21/src/main/resources/bets.temp' is opened by 58352@Artioms-Laptop

[2022-05-03 15:17:23 #2 type] 
Type domain.Question is not enhanced.

[2022-05-03 15:17:23 #3 type] 
Type domain.Event is not enhanced.

[2022-05-03 15:17:23 #4 type] 
Type domain.User is not enhanced.

[2022-05-03 15:17:23 #5 type] 
Type domain.Pronostic is not enhanced.

[2022-05-03 15:17:23 #6 type] 
Type domain.Bet is not enhanced.

[2022-05-03 15:17:23 #7 type] 
Type domain.Movement is not enhanced.

------------------------------------------------------------------------------------------------------------------------

[2022-05-03 15:18:24 #1 store] 
Database '/home/artiom/git/3_Maila/SI/bets21/src/main/resources/bets.temp' is opened by 58456@Artioms-Laptop

[2022-05-03 15:18:24 #2 type] 
Type domain.Question is not enhanced.

[2022-05-03 15:18:24 #3 type] 
Type domain.Event is not enhanced.

[2022-05-03 15:18:24 #4 type] 
Type domain.User is not enhanced.

[2022-05-03 15:18:24 #5 type] 
Type domain.Pronostic is not enhanced.

[2022-05-03 15:18:24 #6 type] 
Type domain.Bet is not enhanced.

[2022-05-03 15:18:24 #7 type] 
Type domain.Movement is not enhanced.

------------------------------------------------------------------------------------------------------------------------

[2022-05-03 15:25:48 #1 store] 
Database '/home/artiom/git/3_Maila/SI/bets21/src/main/resources/bets.temp' is opened by 59418@Artioms-Laptop

[2022-05-03 15:25:48 #2 type] 
Type domain.Question is not enhanced.

[2022-05-03 15:25:48 #3 type] 
Type domain.Event is not enhanced.

[2022-05-03 15:25:48 #4 type] 
Type domain.User is not enhanced.

[2022-05-03 15:25:48 #5 type] 
Type domain.Pronostic is not enhanced.

[2022-05-03 15:25:48 #6 type] 
Type domain.Bet is not enhanced.

[2022-05-03 15:25:48 #7 type] 
Type domain.Movement is not enhanced.

------------------------------------------------------------------------------------------------------------------------

[2022-05-03 15:29:23 #1 store] 
Database '/home/artiom/git/3_Maila/SI/bets21/src/main/resources/bets.temp' is opened by 59823@Artioms-Laptop

[2022-05-03 15:29:23 #2 type] 
Type domain.Question is not enhanced.

[2022-05-03 15:29:23 #3 type] 
Type domain.Event is not enhanced.

[2022-05-03 15:29:23 #4 type] 
Type domain.User is not enhanced.

[2022-05-03 15:29:23 #5 type] 
Type domain.Pronostic is not enhanced.

[2022-05-03 15:29:23 #6 type] 
Type domain.Bet is not enhanced.

[2022-05-03 15:29:23 #7 type] 
Type domain.Movement is not enhanced.

------------------------------------------------------------------------------------------------------------------------

[2022-05-03 15:30:59 #1 store] 
Database '/home/artiom/git/3_Maila/SI/bets21/src/main/resources/bets.temp' has been recovered (tr. 270-275)

[2022-05-03 15:31:00 #2 store] 
Database '/home/artiom/git/3_Maila/SI/bets21/src/main/resources/bets.temp' is opened by 60031@Artioms-Laptop

[2022-05-03 15:31:00 #3 type] 
Type domain.Question is not enhanced.

[2022-05-03 15:31:00 #4 type] 
Type domain.Event is not enhanced.

[2022-05-03 15:31:00 #5 type] 
Type domain.User is not enhanced.

[2022-05-03 15:31:00 #6 type] 
Type domain.Pronostic is not enhanced.

[2022-05-03 15:31:00 #7 type] 
Type domain.Bet is not enhanced.

[2022-05-03 15:31:00 #8 type] 
Type domain.Movement is not enhanced.

------------------------------------------------------------------------------------------------------------------------

[2022-05-03 15:31:42 #1 store] 
Database '/home/artiom/git/3_Maila/SI/bets21/src/main/resources/bets.temp' has been recovered (tr. 276-280)

[2022-05-03 15:31:42 #2 store] 
Database '/home/artiom/git/3_Maila/SI/bets21/src/main/resources/bets.temp' is opened by 60110@Artioms-Laptop

[2022-05-03 15:31:42 #3 type] 
Type domain.Question is not enhanced.

[2022-05-03 15:31:42 #4 type] 
Type domain.Event is not enhanced.

[2022-05-03 15:31:42 #5 type] 
Type domain.User is not enhanced.

[2022-05-03 15:31:42 #6 type] 
Type domain.Pronostic is not enhanced.

[2022-05-03 15:31:42 #7 type] 
Type domain.Bet is not enhanced.

[2022-05-03 15:31:42 #8 type] 
Type domain.Movement is not enhanced.

------------------------------------------------------------------------------------------------------------------------

[2022-05-03 15:32:00 #1 store] 
Database '/home/artiom/git/3_Maila/SI/bets21/src/main/resources/bets.temp' is opened by 60171@Artioms-Laptop

[2022-05-03 15:32:00 #2 type] 
Type domain.Question is not enhanced.

[2022-05-03 15:32:00 #3 type] 
Type domain.Event is not enhanced.

[2022-05-03 15:32:00 #4 type] 
Type domain.User is not enhanced.

[2022-05-03 15:32:00 #5 type] 
Type domain.Pronostic is not enhanced.

[2022-05-03 15:32:00 #6 type] 
Type domain.Bet is not enhanced.

[2022-05-03 15:32:00 #7 type] 
Type domain.Movement is not enhanced.

------------------------------------------------------------------------------------------------------------------------

[2022-05-03 15:32:34 #1 store] 
Database '/home/artiom/git/3_Maila/SI/bets21/src/main/resources/bets.temp' has been recovered (tr. 281-281)

[2022-05-03 15:32:34 #2 store] 
Database '/home/artiom/git/3_Maila/SI/bets21/src/main/resources/bets.temp' is opened by 60251@Artioms-Laptop

[2022-05-03 15:32:34 #3 type] 
Type domain.Question is not enhanced.

[2022-05-03 15:32:34 #4 type] 
Type domain.Event is not enhanced.

[2022-05-03 15:32:34 #5 type] 
Type domain.User is not enhanced.

[2022-05-03 15:32:34 #6 type] 
Type domain.Pronostic is not enhanced.

[2022-05-03 15:32:34 #7 type] 
Type domain.Bet is not enhanced.

[2022-05-03 15:32:34 #8 type] 
Type domain.Movement is not enhanced.

------------------------------------------------------------------------------------------------------------------------

[2022-05-03 15:34:17 #1 store] 
Database '/home/artiom/git/3_Maila/SI/bets21/src/main/resources/bets.temp' is opened by 60461@Artioms-Laptop

[2022-05-03 15:34:17 #2 type] 
Type domain.Question is not enhanced.

[2022-05-03 15:34:17 #3 type] 
Type domain.Event is not enhanced.

[2022-05-03 15:34:17 #4 type] 
Type domain.User is not enhanced.

[2022-05-03 15:34:17 #5 type] 
Type domain.Pronostic is not enhanced.

[2022-05-03 15:34:17 #6 type] 
Type domain.Bet is not enhanced.

[2022-05-03 15:34:17 #7 type] 
Type domain.Movement is not enhanced.

------------------------------------------------------------------------------------------------------------------------

[2022-05-03 15:34:51 #1 store] 
Database '/home/artiom/git/3_Maila/SI/bets21/src/main/resources/bets.temp' has been recovered (tr. 282-284)

[2022-05-03 15:34:51 #2 store] 
Database '/home/artiom/git/3_Maila/SI/bets21/src/main/resources/bets.temp' is opened by 60534@Artioms-Laptop

[2022-05-03 15:34:51 #3 type] 
Type domain.Question is not enhanced.

[2022-05-03 15:34:51 #4 type] 
Type domain.Event is not enhanced.

[2022-05-03 15:34:51 #5 type] 
Type domain.User is not enhanced.

[2022-05-03 15:34:51 #6 type] 
Type domain.Pronostic is not enhanced.

[2022-05-03 15:34:51 #7 type] 
Type domain.Bet is not enhanced.

[2022-05-03 15:34:51 #8 type] 
Type domain.Movement is not enhanced.

