------------------------------------------------------------------------------------------------------------------------

[2022-05-12 16:11:34 #1 store] 
Database '/home/artiom/git/3_Maila/SI/bets21/src/main/resources/bets.temp' has been recovered (tr. 342-350)

[2022-05-12 16:11:34 #2 store] 
Database '/home/artiom/git/3_Maila/SI/bets21/src/main/resources/bets.temp' is opened by 9701@Artioms-Laptop

[2022-05-12 16:11:34 #3 type] 
Type domain.Question is not enhanced.

[2022-05-12 16:11:34 #4 type] 
Type domain.Event is not enhanced.

[2022-05-12 16:11:34 #5 type] 
Type domain.User is not enhanced.

[2022-05-12 16:11:34 #6 type] 
Type domain.Pronostic is not enhanced.

[2022-05-12 16:11:34 #7 type] 
Type domain.Bet is not enhanced.

[2022-05-12 16:11:34 #8 type] 
Type domain.Movement is not enhanced.

[2022-05-12 16:11:34 #9 type] 
Type domain.Message is not enhanced.

[2022-05-12 16:11:34 #10 type] 
Type domain.Lottery is not enhanced.

[2022-05-12 16:11:34 #11 type] 
Type domain.Ticket is not enhanced.

------------------------------------------------------------------------------------------------------------------------

[2022-05-12 16:12:01 #1 store] 
Database '/home/artiom/git/3_Maila/SI/bets21/src/main/resources/bets.temp' has been recovered (tr. 351-357)

[2022-05-12 16:12:01 #2 store] 
Database '/home/artiom/git/3_Maila/SI/bets21/src/main/resources/bets.temp' is opened by 9767@Artioms-Laptop

[2022-05-12 16:12:01 #3 type] 
Type domain.Question is not enhanced.

[2022-05-12 16:12:01 #4 type] 
Type domain.Event is not enhanced.

[2022-05-12 16:12:01 #5 type] 
Type domain.User is not enhanced.

[2022-05-12 16:12:01 #6 type] 
Type domain.Pronostic is not enhanced.

[2022-05-12 16:12:01 #7 type] 
Type domain.Bet is not enhanced.

[2022-05-12 16:12:01 #8 type] 
Type domain.Movement is not enhanced.

[2022-05-12 16:12:01 #9 type] 
Type domain.Message is not enhanced.

[2022-05-12 16:12:01 #10 type] 
Type domain.Lottery is not enhanced.

[2022-05-12 16:12:01 #11 type] 
Type domain.Ticket is not enhanced.

------------------------------------------------------------------------------------------------------------------------

[2022-05-12 16:15:55 #1 store] 
Database '/home/artiom/git/3_Maila/SI/bets21/src/main/resources/bets.temp' is opened by 10261@Artioms-Laptop

[2022-05-12 16:15:56 #2 type] 
Type domain.Question is not enhanced.

[2022-05-12 16:15:56 #3 type] 
Type domain.Event is not enhanced.

[2022-05-12 16:15:56 #4 type] 
Type domain.User is not enhanced.

[2022-05-12 16:15:56 #5 type] 
Type domain.Pronostic is not enhanced.

[2022-05-12 16:15:56 #6 type] 
Type domain.Bet is not enhanced.

[2022-05-12 16:15:56 #7 type] 
Type domain.Movement is not enhanced.

[2022-05-12 16:15:56 #8 type] 
Type domain.Message is not enhanced.

[2022-05-12 16:15:56 #9 type] 
Type domain.Lottery is not enhanced.

[2022-05-12 16:15:56 #10 type] 
Type domain.Ticket is not enhanced.

------------------------------------------------------------------------------------------------------------------------

[2022-05-12 16:16:07 #1 store] 
Database '/home/artiom/git/3_Maila/SI/bets21/src/main/resources/bets.temp' is opened by 10313@Artioms-Laptop

[2022-05-12 16:16:07 #2 type] 
Type domain.Question is not enhanced.

[2022-05-12 16:16:07 #3 type] 
Type domain.Event is not enhanced.

[2022-05-12 16:16:07 #4 type] 
Type domain.User is not enhanced.

[2022-05-12 16:16:07 #5 type] 
Type domain.Pronostic is not enhanced.

[2022-05-12 16:16:07 #6 type] 
Type domain.Bet is not enhanced.

[2022-05-12 16:16:07 #7 type] 
Type domain.Movement is not enhanced.

[2022-05-12 16:16:07 #8 type] 
Type domain.Message is not enhanced.

[2022-05-12 16:16:07 #9 type] 
Type domain.Lottery is not enhanced.

[2022-05-12 16:16:07 #10 type] 
Type domain.Ticket is not enhanced.

------------------------------------------------------------------------------------------------------------------------

[2022-05-12 18:59:55 #1 store] 
Database '/home/artiom/git/3_Maila/SI/bets21/src/main/resources/bets.temp' is opened by 31103@Artioms-Laptop

[2022-05-12 18:59:56 #2 type] 
Type domain.Question is not enhanced.

[2022-05-12 18:59:56 #3 type] 
Type domain.Event is not enhanced.

[2022-05-12 18:59:56 #4 type] 
Type domain.User is not enhanced.

[2022-05-12 18:59:56 #5 type] 
Type domain.Pronostic is not enhanced.

[2022-05-12 18:59:56 #6 type] 
Type domain.Bet is not enhanced.

[2022-05-12 18:59:56 #7 type] 
Type domain.Movement is not enhanced.

[2022-05-12 18:59:56 #8 type] 
Type domain.Message is not enhanced.

[2022-05-12 18:59:56 #9 type] 
Type domain.Lottery is not enhanced.

[2022-05-12 18:59:56 #10 type] 
Type domain.Ticket is not enhanced.

------------------------------------------------------------------------------------------------------------------------

[2022-05-12 19:00:07 #1 store] 
Database '/home/artiom/git/3_Maila/SI/bets21/src/main/resources/bets.temp' is opened by 31256@Artioms-Laptop

[2022-05-12 19:00:07 #2 type] 
Type domain.Question is not enhanced.

[2022-05-12 19:00:07 #3 type] 
Type domain.Event is not enhanced.

[2022-05-12 19:00:07 #4 type] 
Type domain.User is not enhanced.

[2022-05-12 19:00:07 #5 type] 
Type domain.Pronostic is not enhanced.

[2022-05-12 19:00:07 #6 type] 
Type domain.Bet is not enhanced.

[2022-05-12 19:00:07 #7 type] 
Type domain.Movement is not enhanced.

[2022-05-12 19:00:07 #8 type] 
Type domain.Message is not enhanced.

[2022-05-12 19:00:07 #9 type] 
Type domain.Lottery is not enhanced.

[2022-05-12 19:00:07 #10 type] 
Type domain.Ticket is not enhanced.

------------------------------------------------------------------------------------------------------------------------

[2022-05-12 19:01:12 #1 store] 
Database '/home/artiom/git/3_Maila/SI/bets21/src/main/resources/bets.temp' has been recovered (tr. 378-380)

[2022-05-12 19:01:12 #2 store] 
Database '/home/artiom/git/3_Maila/SI/bets21/src/main/resources/bets.temp' is opened by 31354@Artioms-Laptop

[2022-05-12 19:01:12 #3 type] 
Type domain.Question is not enhanced.

[2022-05-12 19:01:12 #4 type] 
Type domain.Event is not enhanced.

[2022-05-12 19:01:12 #5 type] 
Type domain.User is not enhanced.

[2022-05-12 19:01:12 #6 type] 
Type domain.Pronostic is not enhanced.

[2022-05-12 19:01:12 #7 type] 
Type domain.Bet is not enhanced.

[2022-05-12 19:01:12 #8 type] 
Type domain.Movement is not enhanced.

[2022-05-12 19:01:12 #9 type] 
Type domain.Message is not enhanced.

[2022-05-12 19:01:12 #10 type] 
Type domain.Lottery is not enhanced.

[2022-05-12 19:01:12 #11 type] 
Type domain.Ticket is not enhanced.

------------------------------------------------------------------------------------------------------------------------

[2022-05-12 19:29:13 #1 store] 
Database '/home/artiom/git/3_Maila/SI/bets21/src/main/resources/bets.temp' is opened by 34513@Artioms-Laptop

[2022-05-12 19:29:13 #2 type] 
Type domain.Question is not enhanced.

[2022-05-12 19:29:13 #3 type] 
Type domain.Event is not enhanced.

[2022-05-12 19:29:13 #4 type] 
Type domain.User is not enhanced.

[2022-05-12 19:29:13 #5 type] 
Type domain.Pronostic is not enhanced.

[2022-05-12 19:29:13 #6 type] 
Type domain.Bet is not enhanced.

[2022-05-12 19:29:13 #7 type] 
Type domain.Movement is not enhanced.

[2022-05-12 19:29:13 #8 type] 
Type domain.Message is not enhanced.

[2022-05-12 19:29:13 #9 type] 
Type domain.Lottery is not enhanced.

[2022-05-12 19:29:13 #10 type] 
Type domain.Ticket is not enhanced.

------------------------------------------------------------------------------------------------------------------------

[2022-05-12 19:31:58 #1 store] 
Database '/home/artiom/git/3_Maila/SI/bets21/src/main/resources/bets.temp' is opened by 36995@Artioms-Laptop

[2022-05-12 19:31:58 #2 type] 
Type domain.Question is not enhanced.

[2022-05-12 19:31:58 #3 type] 
Type domain.Event is not enhanced.

[2022-05-12 19:31:58 #4 type] 
Type domain.User is not enhanced.

[2022-05-12 19:31:58 #5 type] 
Type domain.Pronostic is not enhanced.

[2022-05-12 19:31:58 #6 type] 
Type domain.Bet is not enhanced.

[2022-05-12 19:31:58 #7 type] 
Type domain.Movement is not enhanced.

[2022-05-12 19:31:58 #8 type] 
Type domain.Message is not enhanced.

[2022-05-12 19:31:58 #9 type] 
Type domain.Lottery is not enhanced.

[2022-05-12 19:31:58 #10 type] 
Type domain.Ticket is not enhanced.

------------------------------------------------------------------------------------------------------------------------

[2022-05-12 19:33:34 #1 store] 
Database '/home/artiom/git/3_Maila/SI/bets21/src/main/resources/bets.temp' has been recovered (tr. 384-388)

[2022-05-12 19:33:34 #2 store] 
Database '/home/artiom/git/3_Maila/SI/bets21/src/main/resources/bets.temp' is opened by 37207@Artioms-Laptop

[2022-05-12 19:33:34 #3 type] 
Type domain.Question is not enhanced.

[2022-05-12 19:33:34 #4 type] 
Type domain.Event is not enhanced.

[2022-05-12 19:33:34 #5 type] 
Type domain.User is not enhanced.

[2022-05-12 19:33:34 #6 type] 
Type domain.Pronostic is not enhanced.

[2022-05-12 19:33:34 #7 type] 
Type domain.Bet is not enhanced.

[2022-05-12 19:33:34 #8 type] 
Type domain.Movement is not enhanced.

[2022-05-12 19:33:34 #9 type] 
Type domain.Message is not enhanced.

[2022-05-12 19:33:34 #10 type] 
Type domain.Lottery is not enhanced.

[2022-05-12 19:33:34 #11 type] 
Type domain.Ticket is not enhanced.

------------------------------------------------------------------------------------------------------------------------

[2022-05-12 20:01:07 #1 store] 
Database '/home/artiom/git/3_Maila/SI/bets21/src/main/resources/bets.temp' is opened by 40309@Artioms-Laptop

[2022-05-12 20:01:07 #2 type] 
Type domain.Question is not enhanced.

[2022-05-12 20:01:07 #3 type] 
Type domain.Event is not enhanced.

[2022-05-12 20:01:07 #4 type] 
Type domain.User is not enhanced.

[2022-05-12 20:01:07 #5 type] 
Type domain.Pronostic is not enhanced.

[2022-05-12 20:01:07 #6 type] 
Type domain.Bet is not enhanced.

[2022-05-12 20:01:07 #7 type] 
Type domain.Movement is not enhanced.

[2022-05-12 20:01:07 #8 type] 
Type domain.Message is not enhanced.

[2022-05-12 20:01:07 #9 type] 
Type domain.Lottery is not enhanced.

[2022-05-12 20:01:07 #10 type] 
Type domain.Ticket is not enhanced.

------------------------------------------------------------------------------------------------------------------------

[2022-05-12 20:05:42 #1 store] 
Database '/home/artiom/git/3_Maila/SI/bets21/src/main/resources/bets.temp' is opened by 40839@Artioms-Laptop

[2022-05-12 20:05:42 #2 type] 
Type domain.Question is not enhanced.

[2022-05-12 20:05:42 #3 type] 
Type domain.Event is not enhanced.

[2022-05-12 20:05:42 #4 type] 
Type domain.User is not enhanced.

[2022-05-12 20:05:42 #5 type] 
Type domain.Pronostic is not enhanced.

[2022-05-12 20:05:42 #6 type] 
Type domain.Bet is not enhanced.

[2022-05-12 20:05:42 #7 type] 
Type domain.Movement is not enhanced.

[2022-05-12 20:05:42 #8 type] 
Type domain.Message is not enhanced.

[2022-05-12 20:05:42 #9 type] 
Type domain.Lottery is not enhanced.

[2022-05-12 20:05:42 #10 type] 
Type domain.Ticket is not enhanced.

