------------------------------------------------------------------------------------------------------------------------

[2022-03-09 11:33:00 #1 store] 
Database '/home/artiom/git/Bets21/src/main/resources/bets.temp' is opened by 3197@Artioms-Laptop

[2022-03-09 11:33:00 #2 type] 
Type domain.Question is not enhanced.

[2022-03-09 11:33:00 #3 type] 
Type domain.Event is not enhanced.

[2022-03-09 11:33:00 #4 type] 
Type domain.User is not enhanced.

------------------------------------------------------------------------------------------------------------------------

[2022-03-09 11:35:16 #1 store] 
Database '/home/artiom/git/Bets21/src/main/resources/bets.temp' is opened by 3614@Artioms-Laptop

[2022-03-09 11:35:16 #2 type] 
Type domain.Question is not enhanced.

[2022-03-09 11:35:16 #3 type] 
Type domain.Event is not enhanced.

[2022-03-09 11:35:16 #4 type] 
Type domain.User is not enhanced.

------------------------------------------------------------------------------------------------------------------------

[2022-03-09 11:35:51 #1 store] 
Database '/home/artiom/git/Bets21/src/main/resources/bets.temp' is opened by 3919@Artioms-Laptop

[2022-03-09 11:35:51 #2 type] 
Type domain.Question is not enhanced.

[2022-03-09 11:35:51 #3 type] 
Type domain.Event is not enhanced.

[2022-03-09 11:35:51 #4 type] 
Type domain.User is not enhanced.

------------------------------------------------------------------------------------------------------------------------

[2022-03-09 11:53:19 #1 store] 
Database '/home/artiom/git/Bets21/src/main/resources/bets.temp' has been recovered (tr. 19-19)

[2022-03-09 11:53:19 #2 store] 
Database '/home/artiom/git/Bets21/src/main/resources/bets.temp' is opened by 9454@Artioms-Laptop

[2022-03-09 11:53:19 #3 type] 
Type domain.Question is not enhanced.

[2022-03-09 11:53:19 #4 type] 
Type domain.Event is not enhanced.

[2022-03-09 11:53:19 #5 type] 
Type domain.User is not enhanced.

------------------------------------------------------------------------------------------------------------------------

[2022-03-09 11:54:59 #1 store] 
Database '/home/artiom/git/Bets21/src/main/resources/bets.temp' is opened by 9617@Artioms-Laptop

[2022-03-09 11:54:59 #2 type] 
Type domain.Question is not enhanced.

[2022-03-09 11:54:59 #3 type] 
Type domain.Event is not enhanced.

[2022-03-09 11:54:59 #4 type] 
Type domain.User is not enhanced.

------------------------------------------------------------------------------------------------------------------------

[2022-03-09 12:11:33 #1 store] 
Database '/home/artiom/git/Bets21/src/main/resources/bets.temp' is opened by 11413@Artioms-Laptop

[2022-03-09 12:11:33 #2 type] 
Type domain.Question is not enhanced.

[2022-03-09 12:11:33 #3 type] 
Type domain.Event is not enhanced.

[2022-03-09 12:11:33 #4 type] 
Type domain.User is not enhanced.

------------------------------------------------------------------------------------------------------------------------

[2022-03-09 12:23:41 #1 store] 
Database '/home/artiom/git/Bets21/src/main/resources/bets.temp' is opened by 12561@Artioms-Laptop

[2022-03-09 12:23:41 #2 type] 
Type domain.Question is not enhanced.

[2022-03-09 12:23:41 #3 type] 
Type domain.Event is not enhanced.

[2022-03-09 12:23:41 #4 type] 
Type domain.User is not enhanced.

------------------------------------------------------------------------------------------------------------------------

[2022-03-09 12:31:05 #1 store] 
Database '/home/artiom/git/Bets21/src/main/resources/bets.temp' is opened by 13261@Artioms-Laptop

[2022-03-09 12:31:05 #2 type] 
Type domain.Question is not enhanced.

[2022-03-09 12:31:05 #3 type] 
Type domain.Event is not enhanced.

[2022-03-09 12:31:05 #4 type] 
Type domain.User is not enhanced.

------------------------------------------------------------------------------------------------------------------------

[2022-03-09 12:45:52 #1 store] 
Database '/home/artiom/git/Bets21/src/main/resources/bets.temp' is opened by 14303@Artioms-Laptop

[2022-03-09 12:45:52 #2 type] 
Type domain.Question is not enhanced.

[2022-03-09 12:45:52 #3 type] 
Type domain.Event is not enhanced.

[2022-03-09 12:45:52 #4 type] 
Type domain.User is not enhanced.

------------------------------------------------------------------------------------------------------------------------

[2022-03-09 13:25:46 #1 store] 
Database '/home/artiom/git/Bets21/src/main/resources/bets.temp' is opened by 18453@Artioms-Laptop

[2022-03-09 13:25:46 #2 type] 
Type domain.Question is not enhanced.

[2022-03-09 13:25:46 #3 type] 
Type domain.Event is not enhanced.

[2022-03-09 13:25:46 #4 type] 
Type domain.User is not enhanced.

------------------------------------------------------------------------------------------------------------------------

[2022-03-09 13:26:39 #1 store] 
Database '/home/artiom/git/Bets21/src/main/resources/bets.temp' is opened by 18574@Artioms-Laptop

[2022-03-09 13:26:39 #2 type] 
Type domain.Question is not enhanced.

[2022-03-09 13:26:39 #3 type] 
Type domain.Event is not enhanced.

[2022-03-09 13:26:39 #4 type] 
Type domain.User is not enhanced.

------------------------------------------------------------------------------------------------------------------------

[2022-03-09 13:44:47 #1 store] 
Database '/home/artiom/git/Bets21/src/main/resources/bets.temp' is opened by 21993@Artioms-Laptop

[2022-03-09 13:44:48 #2 type] 
Type domain.Question is not enhanced.

[2022-03-09 13:44:48 #3 type] 
Type domain.Event is not enhanced.

[2022-03-09 13:44:48 #4 type] 
Type domain.User is not enhanced.

------------------------------------------------------------------------------------------------------------------------

[2022-03-09 13:47:47 #1 store] 
Database '/home/artiom/git/Bets21/src/main/resources/bets.temp' is opened by 22250@Artioms-Laptop

[2022-03-09 13:47:47 #2 type] 
Type domain.Question is not enhanced.

[2022-03-09 13:47:47 #3 type] 
Type domain.Event is not enhanced.

[2022-03-09 13:47:47 #4 type] 
Type domain.User is not enhanced.

------------------------------------------------------------------------------------------------------------------------

[2022-03-09 14:01:28 #1 store] 
Database '/home/artiom/git/Bets21/src/main/resources/bets.temp' is opened by 24152@Artioms-Laptop

[2022-03-09 14:01:28 #2 type] 
Type domain.Question is not enhanced.

[2022-03-09 14:01:28 #3 type] 
Type domain.Event is not enhanced.

[2022-03-09 14:01:28 #4 type] 
Type domain.User is not enhanced.

------------------------------------------------------------------------------------------------------------------------

[2022-03-09 20:18:11 #1 store] 
Database '/home/artiom/git/Bets21/src/main/resources/bets.temp' is opened by 10364@Artioms-Laptop

[2022-03-09 20:18:11 #2 type] 
Type domain.Question is not enhanced.

[2022-03-09 20:18:11 #3 type] 
Type domain.Event is not enhanced.

[2022-03-09 20:18:11 #4 type] 
Type domain.User is not enhanced.

------------------------------------------------------------------------------------------------------------------------

[2022-03-09 20:20:36 #1 store] 
Database '/home/artiom/git/Bets21/src/main/resources/bets.temp' is opened by 10723@Artioms-Laptop

[2022-03-09 20:20:36 #2 type] 
Type domain.Question is not enhanced.

[2022-03-09 20:20:36 #3 type] 
Type domain.Event is not enhanced.

[2022-03-09 20:20:36 #4 type] 
Type domain.User is not enhanced.

------------------------------------------------------------------------------------------------------------------------

[2022-03-09 20:21:00 #1 store] 
Database '/home/artiom/git/Bets21/src/main/resources/bets.temp' is opened by 10783@Artioms-Laptop

[2022-03-09 20:21:00 #2 type] 
Type domain.Question is not enhanced.

[2022-03-09 20:21:00 #3 type] 
Type domain.Event is not enhanced.

[2022-03-09 20:21:00 #4 type] 
Type domain.User is not enhanced.

------------------------------------------------------------------------------------------------------------------------

[2022-03-09 20:23:28 #1 store] 
Database '/home/artiom/git/Bets21/src/main/resources/bets.temp' is opened by 11060@Artioms-Laptop

[2022-03-09 20:23:28 #2 type] 
Type domain.Question is not enhanced.

[2022-03-09 20:23:28 #3 type] 
Type domain.Event is not enhanced.

[2022-03-09 20:23:28 #4 type] 
Type domain.User is not enhanced.

------------------------------------------------------------------------------------------------------------------------

[2022-03-09 21:52:27 #1 store] 
Database '/home/artiom/git/Bets21/src/main/resources/bets.temp' is opened by 22563@Artioms-Laptop

[2022-03-09 21:52:27 #2 type] 
Type domain.Question is not enhanced.

[2022-03-09 21:52:27 #3 type] 
Type domain.Event is not enhanced.

[2022-03-09 21:52:27 #4 type] 
Type domain.User is not enhanced.

------------------------------------------------------------------------------------------------------------------------

[2022-03-09 22:00:40 #1 store] 
Database '/home/artiom/git/Bets21/src/main/resources/bets.temp' is opened by 23607@Artioms-Laptop

[2022-03-09 22:00:40 #2 type] 
Type domain.Question is not enhanced.

[2022-03-09 22:00:40 #3 type] 
Type domain.Event is not enhanced.

[2022-03-09 22:00:40 #4 type] 
Type domain.User is not enhanced.

------------------------------------------------------------------------------------------------------------------------

[2022-03-09 22:02:23 #1 store] 
Database '/home/artiom/git/Bets21/src/main/resources/bets.temp' is opened by 23798@Artioms-Laptop

[2022-03-09 22:02:23 #2 type] 
Type domain.Question is not enhanced.

[2022-03-09 22:02:23 #3 type] 
Type domain.Event is not enhanced.

[2022-03-09 22:02:23 #4 type] 
Type domain.User is not enhanced.

------------------------------------------------------------------------------------------------------------------------

[2022-03-09 22:09:01 #1 store] 
Database '/home/artiom/git/Bets21/src/main/resources/bets.temp' is opened by 24432@Artioms-Laptop

[2022-03-09 22:09:01 #2 type] 
Type domain.Question is not enhanced.

[2022-03-09 22:09:01 #3 type] 
Type domain.Event is not enhanced.

[2022-03-09 22:09:01 #4 type] 
Type domain.User is not enhanced.

------------------------------------------------------------------------------------------------------------------------

[2022-03-09 22:11:10 #1 store] 
Database '/home/artiom/git/Bets21/src/main/resources/bets.temp' is opened by 24705@Artioms-Laptop

[2022-03-09 22:11:10 #2 type] 
Type domain.Question is not enhanced.

[2022-03-09 22:11:10 #3 type] 
Type domain.Event is not enhanced.

[2022-03-09 22:11:10 #4 type] 
Type domain.User is not enhanced.

------------------------------------------------------------------------------------------------------------------------

[2022-03-09 22:11:40 #1 store] 
Database '/home/artiom/git/Bets21/src/main/resources/bets.temp' is opened by 24787@Artioms-Laptop

[2022-03-09 22:11:40 #2 type] 
Type domain.Question is not enhanced.

[2022-03-09 22:11:40 #3 type] 
Type domain.Event is not enhanced.

[2022-03-09 22:11:40 #4 type] 
Type domain.User is not enhanced.

------------------------------------------------------------------------------------------------------------------------

[2022-03-09 22:13:05 #1 store] 
Database '/home/artiom/git/Bets21/src/main/resources/bets.temp' is opened by 24967@Artioms-Laptop

[2022-03-09 22:13:05 #2 type] 
Type domain.Question is not enhanced.

[2022-03-09 22:13:05 #3 type] 
Type domain.Event is not enhanced.

[2022-03-09 22:13:05 #4 type] 
Type domain.User is not enhanced.

------------------------------------------------------------------------------------------------------------------------

[2022-03-09 22:16:54 #1 store] 
Database '/home/artiom/git/Bets21/src/main/resources/bets.temp' is opened by 25479@Artioms-Laptop

[2022-03-09 22:16:54 #2 type] 
Type domain.Question is not enhanced.

[2022-03-09 22:16:54 #3 type] 
Type domain.Event is not enhanced.

[2022-03-09 22:16:54 #4 type] 
Type domain.User is not enhanced.

