------------------------------------------------------------------------------------------------------------------------

[2022-05-15 09:09:54 #1 store] 
Database '/home/artiom/git/3_Maila/SI/bets21/src/main/resources/bets.temp' is opened by 11865@Artioms-Laptop

[2022-05-15 09:09:54 #2 type] 
Type domain.Question is not enhanced.

[2022-05-15 09:09:54 #3 type] 
Type domain.Event is not enhanced.

[2022-05-15 09:09:54 #4 type] 
Type domain.User is not enhanced.

[2022-05-15 09:09:54 #5 type] 
Type domain.Pronostic is not enhanced.

[2022-05-15 09:09:54 #6 type] 
Type domain.Bet is not enhanced.

[2022-05-15 09:09:54 #7 type] 
Type domain.Movement is not enhanced.

[2022-05-15 09:09:54 #8 type] 
Type domain.Message is not enhanced.

[2022-05-15 09:09:54 #9 type] 
Type domain.Lottery is not enhanced.

[2022-05-15 09:09:54 #10 type] 
Type domain.Ticket is not enhanced.

------------------------------------------------------------------------------------------------------------------------

[2022-05-15 09:10:50 #1 store] 
Database '/home/artiom/git/3_Maila/SI/bets21/src/main/resources/bets.temp' is opened by 12075@Artioms-Laptop

[2022-05-15 09:10:50 #2 type] 
Type domain.Question is not enhanced.

[2022-05-15 09:10:50 #3 type] 
Type domain.Event is not enhanced.

[2022-05-15 09:10:50 #4 type] 
Type domain.User is not enhanced.

[2022-05-15 09:10:50 #5 type] 
Type domain.Pronostic is not enhanced.

[2022-05-15 09:10:50 #6 type] 
Type domain.Bet is not enhanced.

[2022-05-15 09:10:50 #7 type] 
Type domain.Movement is not enhanced.

[2022-05-15 09:10:50 #8 type] 
Type domain.Message is not enhanced.

[2022-05-15 09:10:50 #9 type] 
Type domain.Lottery is not enhanced.

[2022-05-15 09:10:50 #10 type] 
Type domain.Ticket is not enhanced.

------------------------------------------------------------------------------------------------------------------------

[2022-05-15 09:11:54 #1 store] 
Database '/home/artiom/git/3_Maila/SI/bets21/src/main/resources/bets.temp' has been recovered (tr. 927-928)

[2022-05-15 09:11:54 #2 store] 
Database '/home/artiom/git/3_Maila/SI/bets21/src/main/resources/bets.temp' is opened by 12204@Artioms-Laptop

[2022-05-15 09:11:54 #3 type] 
Type domain.Question is not enhanced.

[2022-05-15 09:11:54 #4 type] 
Type domain.Event is not enhanced.

[2022-05-15 09:11:54 #5 type] 
Type domain.User is not enhanced.

[2022-05-15 09:11:54 #6 type] 
Type domain.Pronostic is not enhanced.

[2022-05-15 09:11:54 #7 type] 
Type domain.Bet is not enhanced.

[2022-05-15 09:11:54 #8 type] 
Type domain.Movement is not enhanced.

[2022-05-15 09:11:54 #9 type] 
Type domain.Message is not enhanced.

[2022-05-15 09:11:54 #10 type] 
Type domain.Lottery is not enhanced.

[2022-05-15 09:11:54 #11 type] 
Type domain.Ticket is not enhanced.

------------------------------------------------------------------------------------------------------------------------

[2022-05-15 09:16:22 #1 store] 
Database '/home/artiom/git/3_Maila/SI/bets21/src/main/resources/bets.temp' is opened by 13300@Artioms-Laptop

[2022-05-15 09:16:22 #2 type] 
Type domain.Question is not enhanced.

[2022-05-15 09:16:22 #3 type] 
Type domain.Event is not enhanced.

[2022-05-15 09:16:22 #4 type] 
Type domain.User is not enhanced.

[2022-05-15 09:16:22 #5 type] 
Type domain.Pronostic is not enhanced.

[2022-05-15 09:16:22 #6 type] 
Type domain.Bet is not enhanced.

[2022-05-15 09:16:22 #7 type] 
Type domain.Movement is not enhanced.

[2022-05-15 09:16:22 #8 type] 
Type domain.Message is not enhanced.

[2022-05-15 09:16:22 #9 type] 
Type domain.Lottery is not enhanced.

[2022-05-15 09:16:22 #10 type] 
Type domain.Ticket is not enhanced.

------------------------------------------------------------------------------------------------------------------------

[2022-05-15 09:35:27 #1 store] 
Database '/home/artiom/git/3_Maila/SI/bets21/src/main/resources/bets.temp' has been recovered (tr. 930-932)

[2022-05-15 09:35:27 #2 store] 
Database '/home/artiom/git/3_Maila/SI/bets21/src/main/resources/bets.temp' is opened by 15597@Artioms-Laptop

[2022-05-15 09:35:27 #3 type] 
Type domain.Question is not enhanced.

[2022-05-15 09:35:27 #4 type] 
Type domain.Event is not enhanced.

[2022-05-15 09:35:27 #5 type] 
Type domain.User is not enhanced.

[2022-05-15 09:35:27 #6 type] 
Type domain.Pronostic is not enhanced.

[2022-05-15 09:35:27 #7 type] 
Type domain.Bet is not enhanced.

[2022-05-15 09:35:27 #8 type] 
Type domain.Movement is not enhanced.

[2022-05-15 09:35:27 #9 type] 
Type domain.Message is not enhanced.

[2022-05-15 09:35:27 #10 type] 
Type domain.Lottery is not enhanced.

[2022-05-15 09:35:27 #11 type] 
Type domain.Ticket is not enhanced.

------------------------------------------------------------------------------------------------------------------------

[2022-05-15 09:35:59 #1 store] 
Database '/home/artiom/git/3_Maila/SI/bets21/src/main/resources/bets.temp' is opened by 15670@Artioms-Laptop

[2022-05-15 09:36:00 #2 type] 
Type domain.Question is not enhanced.

[2022-05-15 09:36:00 #3 type] 
Type domain.Event is not enhanced.

[2022-05-15 09:36:00 #4 type] 
Type domain.User is not enhanced.

[2022-05-15 09:36:00 #5 type] 
Type domain.Pronostic is not enhanced.

[2022-05-15 09:36:00 #6 type] 
Type domain.Bet is not enhanced.

[2022-05-15 09:36:00 #7 type] 
Type domain.Movement is not enhanced.

[2022-05-15 09:36:00 #8 type] 
Type domain.Message is not enhanced.

[2022-05-15 09:36:00 #9 type] 
Type domain.Lottery is not enhanced.

[2022-05-15 09:36:00 #10 type] 
Type domain.Ticket is not enhanced.

------------------------------------------------------------------------------------------------------------------------

[2022-05-15 10:14:37 #1 store] 
Database '/home/artiom/git/3_Maila/SI/bets21/src/main/resources/bets.temp' is opened by 21131@Artioms-Laptop

[2022-05-15 10:14:37 #2 type] 
Type domain.Question is not enhanced.

[2022-05-15 10:14:37 #3 type] 
Type domain.Event is not enhanced.

[2022-05-15 10:14:37 #4 type] 
Type domain.User is not enhanced.

[2022-05-15 10:14:37 #5 type] 
Type domain.Pronostic is not enhanced.

[2022-05-15 10:14:37 #6 type] 
Type domain.Bet is not enhanced.

[2022-05-15 10:14:37 #7 type] 
Type domain.Movement is not enhanced.

[2022-05-15 10:14:37 #8 type] 
Type domain.Message is not enhanced.

[2022-05-15 10:14:37 #9 type] 
Type domain.Lottery is not enhanced.

[2022-05-15 10:14:37 #10 type] 
Type domain.Ticket is not enhanced.

------------------------------------------------------------------------------------------------------------------------

[2022-05-15 10:38:40 #1 store] 
Database '/home/artiom/git/3_Maila/SI/bets21/src/main/resources/bets.temp' is opened by 26334@Artioms-Laptop

[2022-05-15 10:38:40 #2 type] 
Type domain.Question is not enhanced.

[2022-05-15 10:38:40 #3 type] 
Type domain.Event is not enhanced.

[2022-05-15 10:38:40 #4 type] 
Type domain.User is not enhanced.

[2022-05-15 10:38:40 #5 type] 
Type domain.Pronostic is not enhanced.

[2022-05-15 10:38:40 #6 type] 
Type domain.Bet is not enhanced.

[2022-05-15 10:38:40 #7 type] 
Type domain.Movement is not enhanced.

[2022-05-15 10:38:40 #8 type] 
Type domain.Message is not enhanced.

[2022-05-15 10:38:40 #9 type] 
Type domain.Lottery is not enhanced.

[2022-05-15 10:38:40 #10 type] 
Type domain.Ticket is not enhanced.

------------------------------------------------------------------------------------------------------------------------

[2022-05-15 10:39:24 #1 store] 
Database '/home/artiom/git/3_Maila/SI/bets21/src/main/resources/bets.temp' has been recovered (tr. 933-935)

[2022-05-15 10:39:24 #2 store] 
Database '/home/artiom/git/3_Maila/SI/bets21/src/main/resources/bets.temp' is opened by 26417@Artioms-Laptop

[2022-05-15 10:39:25 #3 type] 
Type domain.Question is not enhanced.

[2022-05-15 10:39:25 #4 type] 
Type domain.Event is not enhanced.

[2022-05-15 10:39:25 #5 type] 
Type domain.User is not enhanced.

[2022-05-15 10:39:25 #6 type] 
Type domain.Pronostic is not enhanced.

[2022-05-15 10:39:25 #7 type] 
Type domain.Bet is not enhanced.

[2022-05-15 10:39:25 #8 type] 
Type domain.Movement is not enhanced.

[2022-05-15 10:39:25 #9 type] 
Type domain.Message is not enhanced.

[2022-05-15 10:39:25 #10 type] 
Type domain.Lottery is not enhanced.

[2022-05-15 10:39:25 #11 type] 
Type domain.Ticket is not enhanced.

------------------------------------------------------------------------------------------------------------------------

[2022-05-15 11:43:33 #1 store] 
Database '/home/artiom/git/3_Maila/SI/bets21/src/main/resources/bets.temp' is opened by 32189@Artioms-Laptop

[2022-05-15 11:43:33 #2 type] 
Type domain.Question is not enhanced.

[2022-05-15 11:43:33 #3 type] 
Type domain.Event is not enhanced.

[2022-05-15 11:43:33 #4 type] 
Type domain.User is not enhanced.

[2022-05-15 11:43:33 #5 type.registry] 
New type java.util.ArrayList<domain.Message>

[2022-05-15 11:43:33 #6 type] 
Type domain.Pronostic is not enhanced.

[2022-05-15 11:43:33 #7 type] 
Type domain.Bet is not enhanced.

[2022-05-15 11:43:33 #8 type] 
Type domain.Movement is not enhanced.

[2022-05-15 11:43:33 #9 type] 
Type domain.Message is not enhanced.

[2022-05-15 11:43:33 #10 type] 
Type domain.Lottery is not enhanced.

[2022-05-15 11:43:33 #11 type] 
Type domain.Ticket is not enhanced.

------------------------------------------------------------------------------------------------------------------------

[2022-05-15 11:45:37 #1 store] 
Database '/home/artiom/git/3_Maila/SI/bets21/src/main/resources/bets.temp' has been recovered (tr. 946-946)

[2022-05-15 11:45:37 #2 store] 
Database '/home/artiom/git/3_Maila/SI/bets21/src/main/resources/bets.temp' is opened by 32522@Artioms-Laptop

[2022-05-15 11:45:37 #3 type] 
Type domain.Question is not enhanced.

[2022-05-15 11:45:37 #4 type] 
Type domain.Event is not enhanced.

[2022-05-15 11:45:37 #5 type] 
Type domain.User is not enhanced.

[2022-05-15 11:45:37 #6 type] 
Type domain.Pronostic is not enhanced.

[2022-05-15 11:45:37 #7 type] 
Type domain.Bet is not enhanced.

[2022-05-15 11:45:37 #8 type] 
Type domain.Movement is not enhanced.

[2022-05-15 11:45:37 #9 type] 
Type domain.Message is not enhanced.

[2022-05-15 11:45:37 #10 type] 
Type domain.Lottery is not enhanced.

[2022-05-15 11:45:37 #11 type] 
Type domain.Ticket is not enhanced.

------------------------------------------------------------------------------------------------------------------------

[2022-05-15 11:46:37 #1 store] 
Database '/home/artiom/git/3_Maila/SI/bets21/src/main/resources/bets.temp' is opened by 32669@Artioms-Laptop

[2022-05-15 11:46:38 #2 type] 
Type domain.Question is not enhanced.

[2022-05-15 11:46:38 #3 type] 
Type domain.Event is not enhanced.

[2022-05-15 11:46:38 #4 type] 
Type domain.User is not enhanced.

[2022-05-15 11:46:38 #5 type] 
Type domain.Pronostic is not enhanced.

[2022-05-15 11:46:38 #6 type] 
Type domain.Bet is not enhanced.

[2022-05-15 11:46:38 #7 type] 
Type domain.Movement is not enhanced.

[2022-05-15 11:46:38 #8 type] 
Type domain.Message is not enhanced.

[2022-05-15 11:46:38 #9 type] 
Type domain.Lottery is not enhanced.

[2022-05-15 11:46:38 #10 type] 
Type domain.Ticket is not enhanced.

------------------------------------------------------------------------------------------------------------------------

[2022-05-15 11:48:38 #1 store] 
Database '/home/artiom/git/3_Maila/SI/bets21/src/main/resources/bets.temp' is opened by 32856@Artioms-Laptop

[2022-05-15 11:48:38 #2 type] 
Type domain.Question is not enhanced.

[2022-05-15 11:48:38 #3 type] 
Type domain.Event is not enhanced.

[2022-05-15 11:48:38 #4 type] 
Type domain.User is not enhanced.

[2022-05-15 11:48:38 #5 type] 
Type domain.Pronostic is not enhanced.

[2022-05-15 11:48:38 #6 type] 
Type domain.Bet is not enhanced.

[2022-05-15 11:48:38 #7 type] 
Type domain.Movement is not enhanced.

[2022-05-15 11:48:38 #8 type] 
Type domain.Message is not enhanced.

[2022-05-15 11:48:38 #9 type] 
Type domain.Lottery is not enhanced.

[2022-05-15 11:48:38 #10 type] 
Type domain.Ticket is not enhanced.

------------------------------------------------------------------------------------------------------------------------

[2022-05-15 11:51:26 #1 store] 
Database '/home/artiom/git/3_Maila/SI/bets21/src/main/resources/bets.temp' is opened by 33236@Artioms-Laptop

[2022-05-15 11:51:26 #2 type] 
Type domain.Question is not enhanced.

[2022-05-15 11:51:26 #3 type] 
Type domain.Event is not enhanced.

[2022-05-15 11:51:26 #4 type] 
Type domain.User is not enhanced.

[2022-05-15 11:51:26 #5 type] 
Type domain.Pronostic is not enhanced.

[2022-05-15 11:51:26 #6 type] 
Type domain.Bet is not enhanced.

[2022-05-15 11:51:26 #7 type] 
Type domain.Movement is not enhanced.

[2022-05-15 11:51:26 #8 type] 
Type domain.Message is not enhanced.

[2022-05-15 11:51:26 #9 type] 
Type domain.Lottery is not enhanced.

[2022-05-15 11:51:26 #10 type] 
Type domain.Ticket is not enhanced.

------------------------------------------------------------------------------------------------------------------------

[2022-05-15 11:51:30 #1 store] 
Database '/home/artiom/git/3_Maila/SI/bets21/src/main/resources/bets.temp' is opened by 33278@Artioms-Laptop

[2022-05-15 11:51:31 #2 type] 
Type domain.Question is not enhanced.

[2022-05-15 11:51:31 #3 type] 
Type domain.Event is not enhanced.

[2022-05-15 11:51:31 #4 type] 
Type domain.User is not enhanced.

[2022-05-15 11:51:31 #5 type] 
Type domain.Pronostic is not enhanced.

[2022-05-15 11:51:31 #6 type] 
Type domain.Bet is not enhanced.

[2022-05-15 11:51:31 #7 type] 
Type domain.Movement is not enhanced.

[2022-05-15 11:51:31 #8 type] 
Type domain.Message is not enhanced.

[2022-05-15 11:51:31 #9 type] 
Type domain.Lottery is not enhanced.

[2022-05-15 11:51:31 #10 type] 
Type domain.Ticket is not enhanced.

------------------------------------------------------------------------------------------------------------------------

[2022-05-15 11:58:13 #1 store] 
Database '/home/artiom/git/3_Maila/SI/bets21/src/main/resources/bets.temp' is opened by 34246@Artioms-Laptop

[2022-05-15 11:58:13 #2 type] 
Type domain.Question is not enhanced.

[2022-05-15 11:58:13 #3 type] 
Type domain.Event is not enhanced.

[2022-05-15 11:58:13 #4 type] 
Type domain.User is not enhanced.

[2022-05-15 11:58:13 #5 type] 
Type domain.Pronostic is not enhanced.

[2022-05-15 11:58:13 #6 type] 
Type domain.Bet is not enhanced.

[2022-05-15 11:58:13 #7 type] 
Type domain.Movement is not enhanced.

[2022-05-15 11:58:13 #8 type] 
Type domain.Message is not enhanced.

[2022-05-15 11:58:13 #9 type] 
Type domain.Lottery is not enhanced.

[2022-05-15 11:58:13 #10 type] 
Type domain.Ticket is not enhanced.

------------------------------------------------------------------------------------------------------------------------

[2022-05-15 12:11:20 #1 store] 
Database '/home/artiom/git/3_Maila/SI/bets21/src/main/resources/bets.temp' is opened by 35921@Artioms-Laptop

[2022-05-15 12:11:20 #2 type] 
Type domain.Question is not enhanced.

[2022-05-15 12:11:20 #3 type] 
Type domain.Event is not enhanced.

[2022-05-15 12:11:20 #4 type] 
Type domain.User is not enhanced.

[2022-05-15 12:11:20 #5 type] 
Type domain.Pronostic is not enhanced.

[2022-05-15 12:11:20 #6 type] 
Type domain.Bet is not enhanced.

[2022-05-15 12:11:20 #7 type] 
Type domain.Movement is not enhanced.

[2022-05-15 12:11:20 #8 type] 
Type domain.Message is not enhanced.

[2022-05-15 12:11:20 #9 type] 
Type domain.Lottery is not enhanced.

[2022-05-15 12:11:20 #10 type] 
Type domain.Ticket is not enhanced.

------------------------------------------------------------------------------------------------------------------------

[2022-05-15 12:16:03 #1 store] 
Database '/home/artiom/git/3_Maila/SI/bets21/src/main/resources/bets.temp' is opened by 36416@Artioms-Laptop

[2022-05-15 12:16:03 #2 type] 
Type domain.Question is not enhanced.

[2022-05-15 12:16:03 #3 type] 
Type domain.Event is not enhanced.

[2022-05-15 12:16:03 #4 type] 
Type domain.User is not enhanced.

[2022-05-15 12:16:03 #5 type] 
Type domain.Pronostic is not enhanced.

[2022-05-15 12:16:03 #6 type] 
Type domain.Bet is not enhanced.

[2022-05-15 12:16:03 #7 type] 
Type domain.Movement is not enhanced.

[2022-05-15 12:16:03 #8 type] 
Type domain.Message is not enhanced.

[2022-05-15 12:16:03 #9 type] 
Type domain.Lottery is not enhanced.

[2022-05-15 12:16:03 #10 type] 
Type domain.Ticket is not enhanced.

------------------------------------------------------------------------------------------------------------------------

[2022-05-15 12:16:36 #1 store] 
Database '/home/artiom/git/3_Maila/SI/bets21/src/main/resources/bets.temp' has been recovered (tr. 951-951)

[2022-05-15 12:16:36 #2 store] 
Database '/home/artiom/git/3_Maila/SI/bets21/src/main/resources/bets.temp' is opened by 36497@Artioms-Laptop

[2022-05-15 12:16:36 #3 type] 
Type domain.Question is not enhanced.

[2022-05-15 12:16:36 #4 type] 
Type domain.Event is not enhanced.

[2022-05-15 12:16:36 #5 type] 
Type domain.User is not enhanced.

[2022-05-15 12:16:36 #6 type] 
Type domain.Pronostic is not enhanced.

[2022-05-15 12:16:36 #7 type] 
Type domain.Bet is not enhanced.

[2022-05-15 12:16:36 #8 type] 
Type domain.Movement is not enhanced.

[2022-05-15 12:16:36 #9 type] 
Type domain.Message is not enhanced.

[2022-05-15 12:16:36 #10 type] 
Type domain.Lottery is not enhanced.

[2022-05-15 12:16:36 #11 type] 
Type domain.Ticket is not enhanced.

------------------------------------------------------------------------------------------------------------------------

[2022-05-15 12:23:36 #1 store] 
Database '/home/artiom/git/3_Maila/SI/bets21/src/main/resources/bets.temp' is opened by 37139@Artioms-Laptop

[2022-05-15 12:23:36 #2 type] 
Type domain.Question is not enhanced.

[2022-05-15 12:23:36 #3 type] 
Type domain.Event is not enhanced.

[2022-05-15 12:23:36 #4 type] 
Type domain.User is not enhanced.

[2022-05-15 12:23:36 #5 type] 
Type domain.Pronostic is not enhanced.

[2022-05-15 12:23:36 #6 type] 
Type domain.Bet is not enhanced.

[2022-05-15 12:23:36 #7 type] 
Type domain.Movement is not enhanced.

[2022-05-15 12:23:36 #8 type] 
Type domain.Message is not enhanced.

[2022-05-15 12:23:36 #9 type] 
Type domain.Lottery is not enhanced.

[2022-05-15 12:23:36 #10 type] 
Type domain.Ticket is not enhanced.

------------------------------------------------------------------------------------------------------------------------

[2022-05-15 12:30:12 #1 store] 
Database '/home/artiom/git/3_Maila/SI/bets21/src/main/resources/bets.temp' has been recovered (tr. 952-952)

[2022-05-15 12:30:13 #2 store] 
Database '/home/artiom/git/3_Maila/SI/bets21/src/main/resources/bets.temp' is opened by 40021@Artioms-Laptop

[2022-05-15 12:30:13 #3 type] 
Type domain.Question is not enhanced.

[2022-05-15 12:30:13 #4 type] 
Type domain.Event is not enhanced.

[2022-05-15 12:30:13 #5 type] 
Type domain.User is not enhanced.

[2022-05-15 12:30:13 #6 type] 
Type domain.Pronostic is not enhanced.

[2022-05-15 12:30:13 #7 type] 
Type domain.Bet is not enhanced.

[2022-05-15 12:30:13 #8 type] 
Type domain.Movement is not enhanced.

[2022-05-15 12:30:13 #9 type] 
Type domain.Message is not enhanced.

[2022-05-15 12:30:13 #10 type] 
Type domain.Lottery is not enhanced.

[2022-05-15 12:30:13 #11 type] 
Type domain.Ticket is not enhanced.

------------------------------------------------------------------------------------------------------------------------

[2022-05-15 12:47:48 #1 store] 
Database '/home/artiom/git/3_Maila/SI/bets21/src/main/resources/bets.temp' is opened by 42123@Artioms-Laptop

[2022-05-15 12:47:48 #2 type] 
Type domain.Question is not enhanced.

[2022-05-15 12:47:48 #3 type] 
Type domain.Event is not enhanced.

[2022-05-15 12:47:48 #4 type] 
Type domain.User is not enhanced.

[2022-05-15 12:47:48 #5 type] 
Type domain.Pronostic is not enhanced.

[2022-05-15 12:47:48 #6 type] 
Type domain.Bet is not enhanced.

[2022-05-15 12:47:48 #7 type] 
Type domain.Movement is not enhanced.

[2022-05-15 12:47:48 #8 type] 
Type domain.Message is not enhanced.

[2022-05-15 12:47:48 #9 type] 
Type domain.Lottery is not enhanced.

[2022-05-15 12:47:48 #10 type] 
Type domain.Ticket is not enhanced.

------------------------------------------------------------------------------------------------------------------------

[2022-05-15 12:53:08 #1 store] 
Database '/home/artiom/git/3_Maila/SI/bets21/src/main/resources/bets.temp' is opened by 42685@Artioms-Laptop

[2022-05-15 12:53:08 #2 type] 
Type domain.Question is not enhanced.

[2022-05-15 12:53:08 #3 type] 
Type domain.Event is not enhanced.

[2022-05-15 12:53:08 #4 type] 
Type domain.User is not enhanced.

[2022-05-15 12:53:08 #5 type] 
Type domain.Pronostic is not enhanced.

[2022-05-15 12:53:08 #6 type] 
Type domain.Bet is not enhanced.

[2022-05-15 12:53:08 #7 type] 
Type domain.Movement is not enhanced.

[2022-05-15 12:53:08 #8 type] 
Type domain.Message is not enhanced.

[2022-05-15 12:53:08 #9 type] 
Type domain.Lottery is not enhanced.

[2022-05-15 12:53:08 #10 type] 
Type domain.Ticket is not enhanced.

------------------------------------------------------------------------------------------------------------------------

[2022-05-15 13:14:28 #1 store] 
Database '/home/artiom/git/3_Maila/SI/bets21/src/main/resources/bets.temp' is opened by 44901@Artioms-Laptop

[2022-05-15 13:14:28 #2 type] 
Type domain.Question is not enhanced.

[2022-05-15 13:14:28 #3 type] 
Type domain.Event is not enhanced.

[2022-05-15 13:14:28 #4 type] 
Type domain.User is not enhanced.

[2022-05-15 13:14:28 #5 type] 
Type domain.Pronostic is not enhanced.

[2022-05-15 13:14:28 #6 type] 
Type domain.Bet is not enhanced.

[2022-05-15 13:14:28 #7 type] 
Type domain.Movement is not enhanced.

[2022-05-15 13:14:28 #8 type] 
Type domain.Message is not enhanced.

[2022-05-15 13:14:28 #9 type] 
Type domain.Lottery is not enhanced.

[2022-05-15 13:14:28 #10 type] 
Type domain.Ticket is not enhanced.

------------------------------------------------------------------------------------------------------------------------

[2022-05-15 13:14:47 #1 store] 
Database '/home/artiom/git/3_Maila/SI/bets21/src/main/resources/bets.temp' is opened by 44965@Artioms-Laptop

[2022-05-15 13:14:48 #2 type] 
Type domain.Question is not enhanced.

[2022-05-15 13:14:48 #3 type] 
Type domain.Event is not enhanced.

[2022-05-15 13:14:48 #4 type] 
Type domain.User is not enhanced.

[2022-05-15 13:14:48 #5 type] 
Type domain.Pronostic is not enhanced.

[2022-05-15 13:14:48 #6 type] 
Type domain.Bet is not enhanced.

[2022-05-15 13:14:48 #7 type] 
Type domain.Movement is not enhanced.

[2022-05-15 13:14:48 #8 type] 
Type domain.Message is not enhanced.

[2022-05-15 13:14:48 #9 type] 
Type domain.Lottery is not enhanced.

[2022-05-15 13:14:48 #10 type] 
Type domain.Ticket is not enhanced.

------------------------------------------------------------------------------------------------------------------------

[2022-05-15 13:15:20 #1 store] 
Database '/home/artiom/git/3_Maila/SI/bets21/src/main/resources/bets.temp' has been recovered (tr. 953-953)

[2022-05-15 13:15:20 #2 store] 
Database '/home/artiom/git/3_Maila/SI/bets21/src/main/resources/bets.temp' is opened by 45100@Artioms-Laptop

[2022-05-15 13:15:20 #3 type] 
Type domain.Question is not enhanced.

[2022-05-15 13:15:20 #4 type] 
Type domain.Event is not enhanced.

[2022-05-15 13:15:20 #5 type] 
Type domain.User is not enhanced.

[2022-05-15 13:15:20 #6 type] 
Type domain.Pronostic is not enhanced.

[2022-05-15 13:15:20 #7 type] 
Type domain.Bet is not enhanced.

[2022-05-15 13:15:20 #8 type] 
Type domain.Movement is not enhanced.

[2022-05-15 13:15:20 #9 type] 
Type domain.Message is not enhanced.

[2022-05-15 13:15:20 #10 type] 
Type domain.Lottery is not enhanced.

[2022-05-15 13:15:20 #11 type] 
Type domain.Ticket is not enhanced.

------------------------------------------------------------------------------------------------------------------------

[2022-05-15 13:16:00 #1 store] 
Database '/home/artiom/git/3_Maila/SI/bets21/src/main/resources/bets.temp' has been recovered (tr. 954-956)

[2022-05-15 13:16:01 #2 store] 
Database '/home/artiom/git/3_Maila/SI/bets21/src/main/resources/bets.temp' is opened by 45185@Artioms-Laptop

[2022-05-15 13:16:01 #3 type] 
Type domain.Question is not enhanced.

[2022-05-15 13:16:01 #4 type] 
Type domain.Event is not enhanced.

[2022-05-15 13:16:01 #5 type] 
Type domain.User is not enhanced.

[2022-05-15 13:16:01 #6 type] 
Type domain.Pronostic is not enhanced.

[2022-05-15 13:16:01 #7 type] 
Type domain.Bet is not enhanced.

[2022-05-15 13:16:01 #8 type] 
Type domain.Movement is not enhanced.

[2022-05-15 13:16:01 #9 type] 
Type domain.Message is not enhanced.

[2022-05-15 13:16:01 #10 type] 
Type domain.Lottery is not enhanced.

[2022-05-15 13:16:01 #11 type] 
Type domain.Ticket is not enhanced.

------------------------------------------------------------------------------------------------------------------------

[2022-05-15 13:16:26 #1 store] 
Database '/home/artiom/git/3_Maila/SI/bets21/src/main/resources/bets.temp' has been recovered (tr. 957-959)

[2022-05-15 13:16:26 #2 store] 
Database '/home/artiom/git/3_Maila/SI/bets21/src/main/resources/bets.temp' is opened by 45251@Artioms-Laptop

[2022-05-15 13:16:26 #3 type] 
Type domain.Question is not enhanced.

[2022-05-15 13:16:26 #4 type] 
Type domain.Event is not enhanced.

[2022-05-15 13:16:26 #5 type] 
Type domain.User is not enhanced.

[2022-05-15 13:16:26 #6 type] 
Type domain.Pronostic is not enhanced.

[2022-05-15 13:16:26 #7 type] 
Type domain.Bet is not enhanced.

[2022-05-15 13:16:26 #8 type] 
Type domain.Movement is not enhanced.

[2022-05-15 13:16:26 #9 type] 
Type domain.Message is not enhanced.

[2022-05-15 13:16:26 #10 type] 
Type domain.Lottery is not enhanced.

[2022-05-15 13:16:26 #11 type] 
Type domain.Ticket is not enhanced.

------------------------------------------------------------------------------------------------------------------------

[2022-05-15 13:16:39 #1 store] 
Database '/home/artiom/git/3_Maila/SI/bets21/src/main/resources/bets.temp' has been recovered (tr. 960-961)

[2022-05-15 13:16:39 #2 store] 
Database '/home/artiom/git/3_Maila/SI/bets21/src/main/resources/bets.temp' is opened by 45302@Artioms-Laptop

[2022-05-15 13:16:39 #3 type] 
Type domain.Question is not enhanced.

[2022-05-15 13:16:39 #4 type] 
Type domain.Event is not enhanced.

[2022-05-15 13:16:39 #5 type] 
Type domain.User is not enhanced.

[2022-05-15 13:16:39 #6 type] 
Type domain.Pronostic is not enhanced.

[2022-05-15 13:16:39 #7 type] 
Type domain.Bet is not enhanced.

[2022-05-15 13:16:39 #8 type] 
Type domain.Movement is not enhanced.

[2022-05-15 13:16:39 #9 type] 
Type domain.Message is not enhanced.

[2022-05-15 13:16:39 #10 type] 
Type domain.Lottery is not enhanced.

[2022-05-15 13:16:39 #11 type] 
Type domain.Ticket is not enhanced.

------------------------------------------------------------------------------------------------------------------------

[2022-05-15 13:46:06 #1 store] 
Database '/home/artiom/git/3_Maila/SI/bets21/src/main/resources/bets.temp' has been recovered (tr. 962-963)

[2022-05-15 13:46:06 #2 store] 
Database '/home/artiom/git/3_Maila/SI/bets21/src/main/resources/bets.temp' is opened by 47559@Artioms-Laptop

[2022-05-15 13:46:06 #3 type] 
Type domain.Question is not enhanced.

[2022-05-15 13:46:06 #4 type] 
Type domain.Event is not enhanced.

[2022-05-15 13:46:06 #5 type] 
Type domain.User is not enhanced.

[2022-05-15 13:46:06 #6 type] 
Type domain.Pronostic is not enhanced.

[2022-05-15 13:46:06 #7 type] 
Type domain.Bet is not enhanced.

[2022-05-15 13:46:06 #8 type] 
Type domain.Movement is not enhanced.

[2022-05-15 13:46:06 #9 type] 
Type domain.Message is not enhanced.

[2022-05-15 13:46:06 #10 type] 
Type domain.Lottery is not enhanced.

[2022-05-15 13:46:06 #11 type] 
Type domain.Ticket is not enhanced.

------------------------------------------------------------------------------------------------------------------------

[2022-05-15 18:24:48 #1 store] 
Database '/home/artiom/git/3_Maila/SI/bets21/src/main/resources/bets.temp' is opened by 74350@Artioms-Laptop

[2022-05-15 18:24:49 #2 type] 
Type domain.Question is not enhanced.

[2022-05-15 18:24:49 #3 type] 
Type domain.Event is not enhanced.

[2022-05-15 18:24:49 #4 type] 
Type domain.User is not enhanced.

[2022-05-15 18:24:49 #5 type] 
Type domain.Pronostic is not enhanced.

[2022-05-15 18:24:49 #6 type] 
Type domain.Bet is not enhanced.

[2022-05-15 18:24:49 #7 type] 
Type domain.Movement is not enhanced.

[2022-05-15 18:24:49 #8 type] 
Type domain.Message is not enhanced.

[2022-05-15 18:24:49 #9 type] 
Type domain.Lottery is not enhanced.

[2022-05-15 18:24:49 #10 type] 
Type domain.Ticket is not enhanced.

------------------------------------------------------------------------------------------------------------------------

[2022-05-15 18:39:24 #1 store] 
Database '/home/artiom/git/3_Maila/SI/bets21/src/main/resources/bets.temp' has been recovered (tr. 1048-1049)

[2022-05-15 18:39:24 #2 store] 
Database '/home/artiom/git/3_Maila/SI/bets21/src/main/resources/bets.temp' is opened by 76714@Artioms-Laptop

[2022-05-15 18:39:25 #3 type] 
Type domain.Question is not enhanced.

[2022-05-15 18:39:25 #4 type] 
Type domain.Event is not enhanced.

[2022-05-15 18:39:25 #5 type] 
Type domain.User is not enhanced.

[2022-05-15 18:39:25 #6 type] 
Type domain.Pronostic is not enhanced.

[2022-05-15 18:39:25 #7 type] 
Type domain.Bet is not enhanced.

[2022-05-15 18:39:25 #8 type] 
Type domain.Movement is not enhanced.

[2022-05-15 18:39:25 #9 type] 
Type domain.Message is not enhanced.

[2022-05-15 18:39:25 #10 type] 
Type domain.Lottery is not enhanced.

[2022-05-15 18:39:25 #11 type] 
Type domain.Ticket is not enhanced.

------------------------------------------------------------------------------------------------------------------------

[2022-05-15 18:42:12 #1 store] 
Database '/home/artiom/git/3_Maila/SI/bets21/src/main/resources/bets.temp' is opened by 77097@Artioms-Laptop

[2022-05-15 18:42:12 #2 type] 
Type domain.Question is not enhanced.

[2022-05-15 18:42:12 #3 type] 
Type domain.Event is not enhanced.

[2022-05-15 18:42:12 #4 type] 
Type domain.User is not enhanced.

[2022-05-15 18:42:12 #5 type] 
Type domain.Pronostic is not enhanced.

[2022-05-15 18:42:12 #6 type] 
Type domain.Bet is not enhanced.

[2022-05-15 18:42:12 #7 type] 
Type domain.Movement is not enhanced.

[2022-05-15 18:42:12 #8 type] 
Type domain.Message is not enhanced.

[2022-05-15 18:42:12 #9 type] 
Type domain.Lottery is not enhanced.

[2022-05-15 18:42:12 #10 type] 
Type domain.Ticket is not enhanced.

------------------------------------------------------------------------------------------------------------------------

[2022-05-15 18:43:28 #1 store] 
Database '/home/artiom/git/3_Maila/SI/bets21/src/main/resources/bets.temp' is opened by 77241@Artioms-Laptop

[2022-05-15 18:43:28 #2 type] 
Type domain.Question is not enhanced.

[2022-05-15 18:43:28 #3 type] 
Type domain.Event is not enhanced.

[2022-05-15 18:43:28 #4 type] 
Type domain.User is not enhanced.

[2022-05-15 18:43:28 #5 type] 
Type domain.Pronostic is not enhanced.

[2022-05-15 18:43:28 #6 type] 
Type domain.Bet is not enhanced.

[2022-05-15 18:43:28 #7 type] 
Type domain.Movement is not enhanced.

[2022-05-15 18:43:28 #8 type] 
Type domain.Message is not enhanced.

[2022-05-15 18:43:28 #9 type] 
Type domain.Lottery is not enhanced.

[2022-05-15 18:43:28 #10 type] 
Type domain.Ticket is not enhanced.

------------------------------------------------------------------------------------------------------------------------

[2022-05-15 18:55:34 #1 store] 
Database '/home/artiom/git/3_Maila/SI/bets21/src/main/resources/bets.temp' is opened by 78480@Artioms-Laptop

[2022-05-15 18:55:34 #2 type] 
Type domain.Question is not enhanced.

[2022-05-15 18:55:34 #3 type] 
Type domain.Event is not enhanced.

[2022-05-15 18:55:34 #4 type] 
Type domain.User is not enhanced.

[2022-05-15 18:55:34 #5 type] 
Type domain.Pronostic is not enhanced.

[2022-05-15 18:55:34 #6 type] 
Type domain.Bet is not enhanced.

[2022-05-15 18:55:34 #7 type] 
Type domain.Movement is not enhanced.

[2022-05-15 18:55:34 #8 type] 
Type domain.Message is not enhanced.

[2022-05-15 18:55:34 #9 type] 
Type domain.Lottery is not enhanced.

[2022-05-15 18:55:34 #10 type] 
Type domain.Ticket is not enhanced.

------------------------------------------------------------------------------------------------------------------------

[2022-05-15 19:11:30 #1 store] 
Database '/home/artiom/git/3_Maila/SI/bets21/src/main/resources/bets.temp' has been recovered (tr. 1050-1050)

[2022-05-15 19:11:30 #2 store] 
Database '/home/artiom/git/3_Maila/SI/bets21/src/main/resources/bets.temp' is opened by 79974@Artioms-Laptop

[2022-05-15 19:11:31 #3 type] 
Type domain.Question is not enhanced.

[2022-05-15 19:11:31 #4 type] 
Type domain.Event is not enhanced.

[2022-05-15 19:11:31 #5 type] 
Type domain.User is not enhanced.

[2022-05-15 19:11:31 #6 type] 
Type domain.Pronostic is not enhanced.

[2022-05-15 19:11:31 #7 type] 
Type domain.Bet is not enhanced.

[2022-05-15 19:11:31 #8 type] 
Type domain.Movement is not enhanced.

[2022-05-15 19:11:31 #9 type] 
Type domain.Message is not enhanced.

[2022-05-15 19:11:31 #10 type] 
Type domain.Lottery is not enhanced.

[2022-05-15 19:11:31 #11 type] 
Type domain.Ticket is not enhanced.

------------------------------------------------------------------------------------------------------------------------

[2022-05-15 19:14:58 #1 store] 
Database '/home/artiom/git/3_Maila/SI/bets21/src/main/resources/bets.temp' is opened by 80259@Artioms-Laptop

[2022-05-15 19:14:58 #2 type] 
Type domain.Question is not enhanced.

[2022-05-15 19:14:58 #3 type] 
Type domain.Event is not enhanced.

[2022-05-15 19:14:58 #4 type] 
Type domain.User is not enhanced.

[2022-05-15 19:14:58 #5 type] 
Type domain.Pronostic is not enhanced.

[2022-05-15 19:14:58 #6 type] 
Type domain.Bet is not enhanced.

[2022-05-15 19:14:58 #7 type] 
Type domain.Movement is not enhanced.

[2022-05-15 19:14:58 #8 type] 
Type domain.Message is not enhanced.

[2022-05-15 19:14:58 #9 type] 
Type domain.Lottery is not enhanced.

[2022-05-15 19:14:58 #10 type] 
Type domain.Ticket is not enhanced.

------------------------------------------------------------------------------------------------------------------------

[2022-05-15 19:15:54 #1 store] 
Database '/home/artiom/git/3_Maila/SI/bets21/src/main/resources/bets.temp' has been recovered (tr. 1051-1052)

[2022-05-15 19:15:54 #2 store] 
Database '/home/artiom/git/3_Maila/SI/bets21/src/main/resources/bets.temp' is opened by 80419@Artioms-Laptop

[2022-05-15 19:15:54 #3 type] 
Type domain.Question is not enhanced.

[2022-05-15 19:15:54 #4 type] 
Type domain.Event is not enhanced.

[2022-05-15 19:15:54 #5 type] 
Type domain.User is not enhanced.

[2022-05-15 19:15:54 #6 type] 
Type domain.Pronostic is not enhanced.

[2022-05-15 19:15:54 #7 type] 
Type domain.Bet is not enhanced.

[2022-05-15 19:15:54 #8 type] 
Type domain.Movement is not enhanced.

[2022-05-15 19:15:54 #9 type] 
Type domain.Message is not enhanced.

[2022-05-15 19:15:54 #10 type] 
Type domain.Lottery is not enhanced.

[2022-05-15 19:15:54 #11 type] 
Type domain.Ticket is not enhanced.

------------------------------------------------------------------------------------------------------------------------

[2022-05-15 19:36:37 #1 store] 
Database '/home/artiom/git/3_Maila/SI/bets21/src/main/resources/bets.temp' is opened by 84646@Artioms-Laptop

[2022-05-15 19:36:37 #2 type] 
Type domain.Question is not enhanced.

[2022-05-15 19:36:37 #3 type] 
Type domain.Event is not enhanced.

[2022-05-15 19:36:37 #4 type] 
Type domain.User is not enhanced.

[2022-05-15 19:36:37 #5 type] 
Type domain.Pronostic is not enhanced.

[2022-05-15 19:36:37 #6 type] 
Type domain.Bet is not enhanced.

[2022-05-15 19:36:37 #7 type] 
Type domain.Movement is not enhanced.

[2022-05-15 19:36:37 #8 type] 
Type domain.Message is not enhanced.

[2022-05-15 19:36:37 #9 type] 
Type domain.Lottery is not enhanced.

[2022-05-15 19:36:37 #10 type] 
Type domain.Ticket is not enhanced.

------------------------------------------------------------------------------------------------------------------------

[2022-05-15 19:39:02 #1 store] 
Database '/home/artiom/git/3_Maila/SI/bets21/src/main/resources/bets.temp' is opened by 84899@Artioms-Laptop

[2022-05-15 19:39:02 #2 type] 
Type domain.Question is not enhanced.

[2022-05-15 19:39:02 #3 type] 
Type domain.Event is not enhanced.

[2022-05-15 19:39:02 #4 type] 
Type domain.User is not enhanced.

[2022-05-15 19:39:02 #5 type] 
Type domain.Pronostic is not enhanced.

[2022-05-15 19:39:02 #6 type] 
Type domain.Bet is not enhanced.

[2022-05-15 19:39:02 #7 type] 
Type domain.Movement is not enhanced.

[2022-05-15 19:39:02 #8 type] 
Type domain.Message is not enhanced.

[2022-05-15 19:39:02 #9 type] 
Type domain.Lottery is not enhanced.

[2022-05-15 19:39:02 #10 type] 
Type domain.Ticket is not enhanced.

------------------------------------------------------------------------------------------------------------------------

[2022-05-15 19:41:05 #1 store] 
Database '/home/artiom/git/3_Maila/SI/bets21/src/main/resources/bets.temp' has been recovered (tr. 1053-1054)

[2022-05-15 19:41:05 #2 store] 
Database '/home/artiom/git/3_Maila/SI/bets21/src/main/resources/bets.temp' is opened by 85193@Artioms-Laptop

[2022-05-15 19:41:06 #3 type] 
Type domain.Question is not enhanced.

[2022-05-15 19:41:06 #4 type] 
Type domain.Event is not enhanced.

[2022-05-15 19:41:06 #5 type] 
Type domain.User is not enhanced.

[2022-05-15 19:41:06 #6 type] 
Type domain.Pronostic is not enhanced.

[2022-05-15 19:41:06 #7 type] 
Type domain.Bet is not enhanced.

[2022-05-15 19:41:06 #8 type] 
Type domain.Movement is not enhanced.

[2022-05-15 19:41:06 #9 type] 
Type domain.Message is not enhanced.

[2022-05-15 19:41:06 #10 type] 
Type domain.Lottery is not enhanced.

[2022-05-15 19:41:06 #11 type] 
Type domain.Ticket is not enhanced.

------------------------------------------------------------------------------------------------------------------------

[2022-05-15 19:55:22 #1 store] 
Database '/home/artiom/git/3_Maila/SI/bets21/src/main/resources/bets.temp' is opened by 86509@Artioms-Laptop

[2022-05-15 19:55:23 #2 type] 
Type domain.Question is not enhanced.

[2022-05-15 19:55:23 #3 type] 
Type domain.Event is not enhanced.

[2022-05-15 19:55:23 #4 type] 
Type domain.User is not enhanced.

[2022-05-15 19:55:23 #5 type] 
Type domain.Pronostic is not enhanced.

[2022-05-15 19:55:23 #6 type] 
Type domain.Bet is not enhanced.

[2022-05-15 19:55:23 #7 type] 
Type domain.Movement is not enhanced.

[2022-05-15 19:55:23 #8 type] 
Type domain.Message is not enhanced.

[2022-05-15 19:55:23 #9 type] 
Type domain.Lottery is not enhanced.

[2022-05-15 19:55:23 #10 type] 
Type domain.Ticket is not enhanced.

------------------------------------------------------------------------------------------------------------------------

[2022-05-15 19:58:37 #1 store] 
Database '/home/artiom/git/3_Maila/SI/bets21/src/main/resources/bets.temp' is opened by 86820@Artioms-Laptop

[2022-05-15 19:58:37 #2 type] 
Type domain.Question is not enhanced.

[2022-05-15 19:58:37 #3 type] 
Type domain.Event is not enhanced.

[2022-05-15 19:58:37 #4 type] 
Type domain.User is not enhanced.

[2022-05-15 19:58:37 #5 type] 
Type domain.Pronostic is not enhanced.

[2022-05-15 19:58:37 #6 type] 
Type domain.Bet is not enhanced.

[2022-05-15 19:58:37 #7 type] 
Type domain.Movement is not enhanced.

[2022-05-15 19:58:37 #8 type] 
Type domain.Message is not enhanced.

[2022-05-15 19:58:37 #9 type] 
Type domain.Lottery is not enhanced.

[2022-05-15 19:58:37 #10 type] 
Type domain.Ticket is not enhanced.

------------------------------------------------------------------------------------------------------------------------

[2022-05-15 20:00:40 #1 store] 
Database '/home/artiom/git/3_Maila/SI/bets21/src/main/resources/bets.temp' is opened by 87085@Artioms-Laptop

[2022-05-15 20:00:40 #2 type] 
Type domain.Question is not enhanced.

[2022-05-15 20:00:40 #3 type] 
Type domain.Event is not enhanced.

[2022-05-15 20:00:40 #4 type] 
Type domain.User is not enhanced.

[2022-05-15 20:00:40 #5 type] 
Type domain.Pronostic is not enhanced.

[2022-05-15 20:00:40 #6 type] 
Type domain.Bet is not enhanced.

[2022-05-15 20:00:40 #7 type] 
Type domain.Movement is not enhanced.

[2022-05-15 20:00:40 #8 type] 
Type domain.Message is not enhanced.

[2022-05-15 20:00:40 #9 type] 
Type domain.Lottery is not enhanced.

[2022-05-15 20:00:40 #10 type] 
Type domain.Ticket is not enhanced.

------------------------------------------------------------------------------------------------------------------------

[2022-05-15 20:02:24 #1 store] 
Database '/home/artiom/git/3_Maila/SI/bets21/src/main/resources/bets.temp' is opened by 87315@Artioms-Laptop

[2022-05-15 20:02:24 #2 type] 
Type domain.Question is not enhanced.

[2022-05-15 20:02:24 #3 type] 
Type domain.Event is not enhanced.

[2022-05-15 20:02:24 #4 type] 
Type domain.User is not enhanced.

[2022-05-15 20:02:24 #5 type] 
Type domain.Pronostic is not enhanced.

[2022-05-15 20:02:24 #6 type] 
Type domain.Bet is not enhanced.

[2022-05-15 20:02:24 #7 type] 
Type domain.Movement is not enhanced.

[2022-05-15 20:02:24 #8 type] 
Type domain.Message is not enhanced.

[2022-05-15 20:02:24 #9 type] 
Type domain.Lottery is not enhanced.

[2022-05-15 20:02:24 #10 type] 
Type domain.Ticket is not enhanced.

------------------------------------------------------------------------------------------------------------------------

[2022-05-15 20:03:50 #1 store] 
Database '/home/artiom/git/3_Maila/SI/bets21/src/main/resources/bets.temp' is opened by 87459@Artioms-Laptop

[2022-05-15 20:03:51 #2 type] 
Type domain.Question is not enhanced.

[2022-05-15 20:03:51 #3 type] 
Type domain.Event is not enhanced.

[2022-05-15 20:03:51 #4 type] 
Type domain.User is not enhanced.

[2022-05-15 20:03:51 #5 type] 
Type domain.Pronostic is not enhanced.

[2022-05-15 20:03:51 #6 type] 
Type domain.Bet is not enhanced.

[2022-05-15 20:03:51 #7 type] 
Type domain.Movement is not enhanced.

[2022-05-15 20:03:51 #8 type] 
Type domain.Message is not enhanced.

[2022-05-15 20:03:51 #9 type] 
Type domain.Lottery is not enhanced.

[2022-05-15 20:03:51 #10 type] 
Type domain.Ticket is not enhanced.

------------------------------------------------------------------------------------------------------------------------

[2022-05-15 20:07:36 #1 store] 
Database '/home/artiom/git/3_Maila/SI/bets21/src/main/resources/bets.temp' is opened by 87819@Artioms-Laptop

[2022-05-15 20:07:36 #2 type] 
Type domain.Question is not enhanced.

[2022-05-15 20:07:36 #3 type] 
Type domain.Event is not enhanced.

[2022-05-15 20:07:36 #4 type] 
Type domain.User is not enhanced.

[2022-05-15 20:07:36 #5 type] 
Type domain.Pronostic is not enhanced.

[2022-05-15 20:07:36 #6 type] 
Type domain.Bet is not enhanced.

[2022-05-15 20:07:36 #7 type] 
Type domain.Movement is not enhanced.

[2022-05-15 20:07:36 #8 type] 
Type domain.Message is not enhanced.

[2022-05-15 20:07:36 #9 type] 
Type domain.Lottery is not enhanced.

[2022-05-15 20:07:36 #10 type] 
Type domain.Ticket is not enhanced.

------------------------------------------------------------------------------------------------------------------------

[2022-05-15 20:08:10 #1 store] 
Database '/home/artiom/git/3_Maila/SI/bets21/src/main/resources/bets.temp' is opened by 87888@Artioms-Laptop

[2022-05-15 20:08:10 #2 type] 
Type domain.Question is not enhanced.

[2022-05-15 20:08:10 #3 type] 
Type domain.Event is not enhanced.

[2022-05-15 20:08:10 #4 type] 
Type domain.User is not enhanced.

[2022-05-15 20:08:10 #5 type] 
Type domain.Pronostic is not enhanced.

[2022-05-15 20:08:10 #6 type] 
Type domain.Bet is not enhanced.

[2022-05-15 20:08:10 #7 type] 
Type domain.Movement is not enhanced.

[2022-05-15 20:08:10 #8 type] 
Type domain.Message is not enhanced.

[2022-05-15 20:08:10 #9 type] 
Type domain.Lottery is not enhanced.

[2022-05-15 20:08:10 #10 type] 
Type domain.Ticket is not enhanced.

------------------------------------------------------------------------------------------------------------------------

[2022-05-15 20:09:14 #1 store] 
Database '/home/artiom/git/3_Maila/SI/bets21/src/main/resources/bets.temp' is opened by 88011@Artioms-Laptop

[2022-05-15 20:09:15 #2 type] 
Type domain.Question is not enhanced.

[2022-05-15 20:09:15 #3 type] 
Type domain.Event is not enhanced.

[2022-05-15 20:09:15 #4 type] 
Type domain.User is not enhanced.

[2022-05-15 20:09:15 #5 type] 
Type domain.Pronostic is not enhanced.

[2022-05-15 20:09:15 #6 type] 
Type domain.Bet is not enhanced.

[2022-05-15 20:09:15 #7 type] 
Type domain.Movement is not enhanced.

[2022-05-15 20:09:15 #8 type] 
Type domain.Message is not enhanced.

[2022-05-15 20:09:15 #9 type] 
Type domain.Lottery is not enhanced.

[2022-05-15 20:09:15 #10 type] 
Type domain.Ticket is not enhanced.

------------------------------------------------------------------------------------------------------------------------

[2022-05-15 20:11:33 #1 store] 
Database '/home/artiom/git/3_Maila/SI/bets21/src/main/resources/bets.temp' is opened by 88304@Artioms-Laptop

[2022-05-15 20:11:33 #2 type] 
Type domain.Question is not enhanced.

[2022-05-15 20:11:33 #3 type] 
Type domain.Event is not enhanced.

[2022-05-15 20:11:33 #4 type] 
Type domain.User is not enhanced.

[2022-05-15 20:11:33 #5 type] 
Type domain.Pronostic is not enhanced.

[2022-05-15 20:11:33 #6 type] 
Type domain.Bet is not enhanced.

[2022-05-15 20:11:33 #7 type] 
Type domain.Movement is not enhanced.

[2022-05-15 20:11:33 #8 type] 
Type domain.Message is not enhanced.

[2022-05-15 20:11:33 #9 type] 
Type domain.Lottery is not enhanced.

[2022-05-15 20:11:33 #10 type] 
Type domain.Ticket is not enhanced.

------------------------------------------------------------------------------------------------------------------------

[2022-05-15 23:53:59 #1 store] 
Database '/home/josue/git/Bets21/src/main/resources/bets.temp' is opened by 8513@josue

[2022-05-15 23:53:59 #2 type] 
Type domain.Question is not enhanced.

[2022-05-15 23:53:59 #3 type] 
Type domain.Event is not enhanced.

[2022-05-15 23:53:59 #4 type] 
Type domain.User is not enhanced.

[2022-05-15 23:53:59 #5 type] 
Type domain.Pronostic is not enhanced.

[2022-05-15 23:53:59 #6 type] 
Type domain.Bet is not enhanced.

[2022-05-15 23:53:59 #7 type] 
Type domain.Movement is not enhanced.

[2022-05-15 23:53:59 #8 type] 
Type domain.Message is not enhanced.

[2022-05-15 23:53:59 #9 type] 
Type domain.Lottery is not enhanced.

[2022-05-15 23:53:59 #10 type] 
Type domain.Ticket is not enhanced.

------------------------------------------------------------------------------------------------------------------------

[2022-05-15 23:54:44 #1 store] 
Database '/home/josue/git/Bets21/src/main/resources/bets.temp' has been recovered (tr. 1055-1055)

[2022-05-15 23:54:44 #2 store] 
Database '/home/josue/git/Bets21/src/main/resources/bets.temp' is opened by 8564@josue

[2022-05-15 23:54:44 #3 type] 
Type domain.Question is not enhanced.

[2022-05-15 23:54:44 #4 type] 
Type domain.Event is not enhanced.

[2022-05-15 23:54:44 #5 type] 
Type domain.User is not enhanced.

[2022-05-15 23:54:44 #6 type] 
Type domain.Pronostic is not enhanced.

[2022-05-15 23:54:44 #7 type] 
Type domain.Bet is not enhanced.

[2022-05-15 23:54:44 #8 type] 
Type domain.Movement is not enhanced.

[2022-05-15 23:54:44 #9 type] 
Type domain.Message is not enhanced.

[2022-05-15 23:54:44 #10 type] 
Type domain.Lottery is not enhanced.

[2022-05-15 23:54:44 #11 type] 
Type domain.Ticket is not enhanced.

------------------------------------------------------------------------------------------------------------------------

[2022-05-15 23:55:13 #1 store] 
Database '/home/josue/git/Bets21/src/main/resources/bets.temp' has been recovered (tr. 1056-1056)

[2022-05-15 23:55:13 #2 store] 
Database '/home/josue/git/Bets21/src/main/resources/bets.temp' is opened by 8611@josue

[2022-05-15 23:55:14 #3 type] 
Type domain.Question is not enhanced.

[2022-05-15 23:55:14 #4 type] 
Type domain.Event is not enhanced.

[2022-05-15 23:55:14 #5 type] 
Type domain.User is not enhanced.

[2022-05-15 23:55:14 #6 type] 
Type domain.Pronostic is not enhanced.

[2022-05-15 23:55:14 #7 type] 
Type domain.Bet is not enhanced.

[2022-05-15 23:55:14 #8 type] 
Type domain.Movement is not enhanced.

[2022-05-15 23:55:14 #9 type] 
Type domain.Message is not enhanced.

[2022-05-15 23:55:14 #10 type] 
Type domain.Lottery is not enhanced.

[2022-05-15 23:55:14 #11 type] 
Type domain.Ticket is not enhanced.

------------------------------------------------------------------------------------------------------------------------

[2022-05-15 23:56:00 #1 store] 
Database '/home/josue/git/Bets21/src/main/resources/bets.temp' has been recovered (tr. 1057-1059)

[2022-05-15 23:56:00 #2 store] 
Database '/home/josue/git/Bets21/src/main/resources/bets.temp' is opened by 8657@josue

[2022-05-15 23:56:01 #3 type] 
Type domain.Question is not enhanced.

[2022-05-15 23:56:01 #4 type] 
Type domain.Event is not enhanced.

[2022-05-15 23:56:01 #5 type] 
Type domain.User is not enhanced.

[2022-05-15 23:56:01 #6 type] 
Type domain.Pronostic is not enhanced.

[2022-05-15 23:56:01 #7 type] 
Type domain.Bet is not enhanced.

[2022-05-15 23:56:01 #8 type] 
Type domain.Movement is not enhanced.

[2022-05-15 23:56:01 #9 type] 
Type domain.Message is not enhanced.

[2022-05-15 23:56:01 #10 type] 
Type domain.Lottery is not enhanced.

[2022-05-15 23:56:01 #11 type] 
Type domain.Ticket is not enhanced.

